#
# A fatal error has been detected by the Java Runtime Environment:
#
#  SIGSEGV (0xb) at pc=0x0000000109f63094, pid=19396, tid=259
#
# JRE version: Java(TM) SE Runtime Environment 18.9 (11.0.12+8) (build 11.0.12+8-LTS-237)
# Java VM: Java HotSpot(TM) 64-Bit Server VM 18.9 (11.0.12+8-LTS-237, mixed mode, tiered, compressed oops, g1 gc, bsd-amd64)
# Problematic frame:
# V  [libjvm.dylib+0x763094]  _ZN16RawAccessBarrierILy1097844EE13load_internalILy1097844EP7oopDescEEN8EnableIfIXsr12HasDecoratorIXT_EXL_ZL12MO_UNORDEREDEEEE5valueET0_E4typeEPv+0x4
#
# No core dump will be written. Core dumps have been disabled. To enable core dumping, try "ulimit -c unlimited" before starting Java again
#
# If you would like to submit a bug report, please visit:
#   https://bugreport.java.com/bugreport/crash.jsp
#

---------------  S U M M A R Y ------------

Command Line: -javaagent:/Users/macbook/Library/Application Support/JetBrains/Toolbox/apps/IDEA-U/ch-0/212.5457.46/IntelliJ IDEA.app/Contents/lib/idea_rt.jar=55036:/Users/macbook/Library/Application Support/JetBrains/Toolbox/apps/IDEA-U/ch-0/212.5457.46/IntelliJ IDEA.app/Contents/bin -Dfile.encoding=UTF-8 com.company.Main

Host: MacBookAir6,1 x86_64 1700 MHz, 4 cores, 8G, Darwin 20.6.0
Time: Sat Jan  8 21:30:08 2022 CET elapsed time: 5.120217 seconds (0d 0h 0m 5s)

---------------  T H R E A D  ---------------

Current thread (0x00007ff7b8a41800):  JavaThread "AppKit Thread" daemon [_thread_in_vm, id=259, stack(0x00007ffee82bf000,0x00007ffee8abf000)]

Stack: [0x00007ffee82bf000,0x00007ffee8abf000],  sp=0x00007ffee8abba00,  free space=8178k
Native frames: (J=compiled Java code, A=aot compiled Java code, j=interpreted, Vv=VM code, C=native code)
V  [libjvm.dylib+0x763094]  _ZN16RawAccessBarrierILy1097844EE13load_internalILy1097844EP7oopDescEEN8EnableIfIXsr12HasDecoratorIXT_EXL_ZL12MO_UNORDEREDEEEE5valueET0_E4typeEPv+0x4
V  [libjvm.dylib+0x763059]  _ZN16RawAccessBarrierILy1097844EE8oop_loadIP7oopDescEET_Pv+0x9
V  [libjvm.dylib+0x7630cb]  _ZN12G1BarrierSet13AccessBarrierILy1097844ES_E20oop_load_not_in_heapIP7oopDescEES4_PT_+0xb
V  [libjvm.dylib+0x3db870]  _ZL13get_method_idP7JNIEnv_P7_jclassPKcS4_bP6Thread+0xab
V  [libjvm.dylib+0x3db74d]  jni_GetMethodID+0xe5
C  [libawt_lwawt.dylib+0xbab1]  -[AWTView attributedSubstringForProposedRange:actualRange:]+0x60
C  [Lookup+0xdc3c]  +[LUTextInputClientTextAccessor canAccessTextInView:]+0x6f
C  [Lookup+0xdbb2]  +[LUTextInputClientTextAccessor canAccessTextAtLocation:]+0x39
C  [Lookup+0x8ae0]  +[LUTextAccessor textAccessorForScreenLocation:]+0x214
C  [Lookup+0x14cc3]  -[LUExtractor focusTermAndLocation:options:]+0x199
C  [Lookup+0x130bf]  +[LULookupDefinitionModule _focusTermUsingQueue:handler:]+0xb0
C  [Lookup+0x303f]  -[LULookupDefinitionModule showDefinitionByHotKey]+0x16b
C  [AppKit+0x1c913f]  -[NSWindow(NSEventRouting) _reallySendEvent:isDelayedEvent:]+0x519
C  [AppKit+0x1c8a06]  -[NSWindow(NSEventRouting) sendEvent:]+0x15b
C  [libawt_lwawt.dylib+0xdb79]  -[AWTWindow_Normal sendEvent:]+0x56
C  [AppKit+0x4a1d75]  -[NSApplication _handleHotKeyRelease:]+0x216
C  [AppKit+0x1c7ae4]  -[NSApplication(NSEvent) sendEvent:]+0xe30
C  [libosxapp.dylib+0x28d5]  -[NSApplicationAWT sendEvent:]+0x1c1
C  [AppKit+0x49fbe1]  -[NSApplication _handleEvent:]+0x41
C  [AppKit+0x2fc8e]  -[NSApplication run]+0x26f
C  [libosxapp.dylib+0x2543]  +[NSApplicationAWT runAWTLoopWithApp:]+0x107
C  [libawt_lwawt.dylib+0x5da38]  +[AWTStarter starter:headless:]+0x1f0
C  [libosxapp.dylib+0x4059]  +[ThreadUtilities invokeBlockCopy:]+0xf
C  [Foundation+0x80b81]  __NSThreadPerformPerform+0xcc
C  [CoreFoundation+0x802bc]  __CFRUNLOOP_IS_CALLING_OUT_TO_A_SOURCE0_PERFORM_FUNCTION__+0x11
C  [CoreFoundation+0x80224]  __CFRunLoopDoSource0+0xb4
C  [CoreFoundation+0x7ffa4]  __CFRunLoopDoSources0+0xf2
C  [CoreFoundation+0x7e9cc]  __CFRunLoopRun+0x37d
C  [CoreFoundation+0x7df8c]  CFRunLoopRunSpecific+0x233
C  [libjli.dylib+0x65b5]  CreateExecutionEnvironment+0x18e
C  [libjli.dylib+0x281f]  JLI_Launch+0x523
C  [java+0x12cc]  main+0x16c
C  [libdyld.dylib+0x15f3d]  start+0x1


siginfo: si_signo: 11 (SIGSEGV), si_code: 1 (SEGV_MAPERR), si_addr: 0x0000000000000000

Register to memory mapping:

RAX=0x00007ff7b98a86c0 points into unknown readable memory: 0x492825a7ffff0016 | 16 00 ff ff a7 25 28 49
RBX=0x00007ff7b98a86c0 points into unknown readable memory: 0x492825a7ffff0016 | 16 00 ff ff a7 25 28 49
RCX=0x0000000000000016 is an unknown value
RDX=0x0000000107615f6a: contextTexturePath.alpha+0x6e2a in /Library/Java/JavaVirtualMachines/jdk-11.0.12.jdk/Contents/Home/lib/libawt_lwawt.dylib at 0x0000000107598000
RSP=0x00007ffee8abba00 is pointing into the stack for thread: 0x00007ff7b8a41800
RBP=0x00007ffee8abba00 is pointing into the stack for thread: 0x00007ff7b8a41800
RSI=0x0000000000000003 is an unknown value
RDI=0x0 is NULL
R8 =0x00000000ec2edeab is an unknown value
R9 =0x00007ff7b7810238 points into unknown readable memory: 0x00000000ec2edeab | ab de 2e ec 00 00 00 00
R10=0x0000000107671ed2: OBJC_METACLASS_$_ThreadUtilities+0x2 in /Library/Java/JavaVirtualMachines/jdk-11.0.12.jdk/Contents/Home/lib/libosxapp.dylib at 0x000000010766a000
R11=0x000000010766dee3: +[ThreadUtilities getJNIEnv]+0 in /Library/Java/JavaVirtualMachines/jdk-11.0.12.jdk/Contents/Home/lib/libosxapp.dylib at 0x000000010766a000
R12=0x00007ff7b82c2060 points into unknown readable memory: 0x7461eee1ffff001c | 1c 00 ff ff e1 ee 61 74
R13=0x0000000107615f6a: contextTexturePath.alpha+0x6e2a in /Library/Java/JavaVirtualMachines/jdk-11.0.12.jdk/Contents/Home/lib/libawt_lwawt.dylib at 0x0000000107598000
R14=0x0000000107615f4d: contextTexturePath.alpha+0x6e0d in /Library/Java/JavaVirtualMachines/jdk-11.0.12.jdk/Contents/Home/lib/libawt_lwawt.dylib at 0x0000000107598000
R15=0x0 is NULL


Registers:
RAX=0x00007ff7b98a86c0, RBX=0x00007ff7b98a86c0, RCX=0x0000000000000016, RDX=0x0000000107615f6a
RSP=0x00007ffee8abba00, RBP=0x00007ffee8abba00, RSI=0x0000000000000003, RDI=0x0000000000000000
R8 =0x00000000ec2edeab, R9 =0x00007ff7b7810238, R10=0x0000000107671ed2, R11=0x000000010766dee3
R12=0x00007ff7b82c2060, R13=0x0000000107615f6a, R14=0x0000000107615f4d, R15=0x0000000000000000
RIP=0x0000000109f63094, EFLAGS=0x0000000000010246, ERR=0x0000000000000004
  TRAPNO=0x000000000000000e

Top of Stack: (sp=0x00007ffee8abba00)
0x00007ffee8abba00:   00007ffee8abba10 0000000109f63059
0x00007ffee8abba10:   00007ffee8abba30 0000000109f630cb
0x00007ffee8abba20:   00007ff7b98a86c0 00007ff7b98a86c0
0x00007ffee8abba30:   00007ffee8abbbd0 0000000109bdb870
0x00007ffee8abba40:   00007ffee8abba80 00007fff22d32ed4
0x00007ffee8abba50:   00007ff7b6d9ff90 00007ff7b6d9f5c0
0x00007ffee8abba60:   0000000000000000 00007fff7bb5d89f
0x00007ffee8abba70:   00007fff20287800 00007fff22cbacce
0x00007ffee8abba80:   00007ff7b8a41800 00000000b6da0c30
0x00007ffee8abba90:   00007ffee8abbad0 00007fffec2edeab
0x00007ffee8abbaa0:   00007ff7b6d9ff90 00007ff7b6da0c30
0x00007ffee8abbab0:   0000000000000000 00007fff7bb5d89f
0x00007ffee8abbac0:   00007fff20287800 00007ff7b6d9f5c0
0x00007ffee8abbad0:   00007ffee8abbb20 00007fff22eaba09
0x00007ffee8abbae0:   40744c5d00000000 40503f4b80000000
0x00007ffee8abbaf0:   00007ff7b6da0c30 0000000000000098
0x00007ffee8abbb00:   00007ffee8abbb30 00007fff20284251
0x00007ffee8abbb10:   00007fff202bbf58 0000000000000000
0x00007ffee8abbb20:   00007fff7fbfc7e8 0000000000000000
0x00007ffee8abbb30:   7db7769aa2f10023 00007fff20287800
0x00007ffee8abbb40:   00007ff7b6d9f5c0 00007ff7b6d9f5c0
0x00007ffee8abbb50:   0000000000000001 0000000000000000
0x00007ffee8abbb60:   00007ffee8abbc30 00007fff2028839b
0x00007ffee8abbb70:   0000000107671ed0 00000000000000ff
0x00007ffee8abbb80:   00007ffee8abbc80 0000000000000001
0x00007ffee8abbb90:   0000000000000000 000000010766e92f
0x00007ffee8abbba0:   7db7769aa2f10023 00007ff7b8a41800
0x00007ffee8abbbb0:   0000000000000000 00007ff7b8a41b48
0x00007ffee8abbbc0:   0000000107615f6a 0000000107615f4d
0x00007ffee8abbbd0:   00007ffee8abbc30 0000000109bdb74d
0x00007ffee8abbbe0:   00007ff7b8a41800 0000000000000000
0x00007ffee8abbbf0:   4046000000000000 0000000000000000 

Instructions: (pc=0x0000000109f63094)
0x0000000109f63074:   5d e9 16 00 00 00 66 0f 1f 44 00 00 55 48 89 e5
0x0000000109f63084:   5d e9 16 00 00 00 66 0f 1f 44 00 00 55 48 89 e5
0x0000000109f63094:   48 8b 07 5d c3 0f 1f 80 00 00 00 00 55 48 89 e5
0x0000000109f630a4:   48 89 f8 5d c3 0f 1f 80 00 00 00 00 55 48 89 e5 

Stack slot to memory mapping:
stack at sp + 0 slots: 0x00007ffee8abba10 is pointing into the stack for thread: 0x00007ff7b8a41800
stack at sp + 1 slots: 0x0000000109f63059: _ZN16RawAccessBarrierILy1097844EE8oop_loadIP7oopDescEET_Pv+0x9 in /Library/Java/JavaVirtualMachines/jdk-11.0.12.jdk/Contents/Home/lib/server/libjvm.dylib at 0x0000000109800000
stack at sp + 2 slots: 0x00007ffee8abba30 is pointing into the stack for thread: 0x00007ff7b8a41800
stack at sp + 3 slots: 0x0000000109f630cb: _ZN12G1BarrierSet13AccessBarrierILy1097844ES_E20oop_load_not_in_heapIP7oopDescEES4_PT_+0xb in /Library/Java/JavaVirtualMachines/jdk-11.0.12.jdk/Contents/Home/lib/server/libjvm.dylib at 0x0000000109800000
stack at sp + 4 slots: 0x00007ff7b98a86c0 points into unknown readable memory: 0x492825a7ffff0016 | 16 00 ff ff a7 25 28 49
stack at sp + 5 slots: 0x00007ff7b98a86c0 points into unknown readable memory: 0x492825a7ffff0016 | 16 00 ff ff a7 25 28 49
stack at sp + 6 slots: 0x00007ffee8abbbd0 is pointing into the stack for thread: 0x00007ff7b8a41800
stack at sp + 7 slots: 0x0000000109bdb870: _ZL13get_method_idP7JNIEnv_P7_jclassPKcS4_bP6Thread+0xab in /Library/Java/JavaVirtualMachines/jdk-11.0.12.jdk/Contents/Home/lib/server/libjvm.dylib at 0x0000000109800000


---------------  P R O C E S S  ---------------

Threads class SMR info:
_java_thread_list=0x00007ff7b6cb9ba0, length=16, elements={
0x00007ff7b8870000, 0x00007ff7b704f800, 0x00007ff7b887a800, 0x00007ff7b8871800,
0x00007ff7b887b800, 0x00007ff7b7055000, 0x00007ff7b7055800, 0x00007ff7b709a800,
0x00007ff7b790a000, 0x00007ff7b810a800, 0x00007ff7b8a41800, 0x00007ff7b8a42000,
0x00007ff7b71c3000, 0x00007ff7b8132000, 0x00007ff7b7a81000, 0x00007ff7b734b000
}

Java Threads: ( => current thread )
  0x00007ff7b8870000 JavaThread "Reference Handler" daemon [_thread_blocked, id=14083, stack(0x000070000d13a000,0x000070000d23a000)]
  0x00007ff7b704f800 JavaThread "Finalizer" daemon [_thread_blocked, id=14851, stack(0x000070000d23d000,0x000070000d33d000)]
  0x00007ff7b887a800 JavaThread "Signal Dispatcher" daemon [_thread_blocked, id=16387, stack(0x000070000d446000,0x000070000d546000)]
  0x00007ff7b8871800 JavaThread "Service Thread" daemon [_thread_blocked, id=21763, stack(0x000070000d549000,0x000070000d649000)]
  0x00007ff7b887b800 JavaThread "C2 CompilerThread0" daemon [_thread_blocked, id=43011, stack(0x000070000d64c000,0x000070000d74c000)]
  0x00007ff7b7055000 JavaThread "C1 CompilerThread0" daemon [_thread_blocked, id=22531, stack(0x000070000d74f000,0x000070000d84f000)]
  0x00007ff7b7055800 JavaThread "Sweeper thread" daemon [_thread_blocked, id=41987, stack(0x000070000d852000,0x000070000d952000)]
  0x00007ff7b709a800 JavaThread "Common-Cleaner" daemon [_thread_blocked, id=22787, stack(0x000070000d955000,0x000070000da55000)]
  0x00007ff7b790a000 JavaThread "Monitor Ctrl-Break" daemon [_thread_in_native, id=23299, stack(0x000070000da58000,0x000070000db58000)]
  0x00007ff7b810a800 JavaThread "Attach Listener" daemon [_thread_blocked, id=40711, stack(0x000070000dc5e000,0x000070000dd5e000)]
=>0x00007ff7b8a41800 JavaThread "AppKit Thread" daemon [_thread_in_vm, id=259, stack(0x00007ffee82bf000,0x00007ffee8abf000)]
  0x00007ff7b8a42000 JavaThread "AWT-Shutdown" [_thread_blocked, id=32259, stack(0x000070000dde4000,0x000070000dee4000)]
  0x00007ff7b71c3000 JavaThread "Java2D Queue Flusher" daemon [_thread_blocked, id=79115, stack(0x000070000e0f3000,0x000070000e1f3000)]
  0x00007ff7b8132000 JavaThread "Java2D Disposer" daemon [_thread_blocked, id=74755, stack(0x000070000e1f6000,0x000070000e2f6000)]
  0x00007ff7b7a81000 JavaThread "AWT-EventQueue-0" [_thread_in_native, id=70667, stack(0x000070000e2f9000,0x000070000e3f9000)]
  0x00007ff7b734b000 JavaThread "DestroyJavaVM" [_thread_blocked, id=9731, stack(0x000070000ca25000,0x000070000cb25000)]

Other Threads:
  0x00007ff7b704c800 VMThread "VM Thread" [stack: 0x000070000d037000,0x000070000d137000] [id=19459]
  0x00007ff7b70dd000 WatcherThread [stack: 0x000070000db5b000,0x000070000dc5b000] [id=23811]
  0x00007ff7b780d000 GCTaskThread "GC Thread#0" [stack: 0x000070000cb28000,0x000070000cc28000] [id=11523]
  0x00007ff7b702e800 ConcurrentGCThread "G1 Main Marker" [stack: 0x000070000cc2b000,0x000070000cd2b000] [id=20995]
  0x00007ff7b702f800 ConcurrentGCThread "G1 Conc#0" [stack: 0x000070000cd2e000,0x000070000ce2e000] [id=20483]
  0x00007ff7b8852800 ConcurrentGCThread "G1 Refine#0" [stack: 0x000070000ce31000,0x000070000cf31000] [id=12803]
  0x00007ff7b8853000 ConcurrentGCThread "G1 Young RemSet Sampling" [stack: 0x000070000cf34000,0x000070000d034000] [id=13059]

Threads with active compile tasks:

VM state:not at safepoint (normal execution)

VM Mutex/Monitor currently owned by a thread: None

Heap address: 0x0000000780000000, size: 2048 MB, Compressed Oops mode: Zero based, Oop shift amount: 3
Narrow klass base: 0x0000000800000000, Narrow klass shift: 0
Compressed class space size: 1073741824 Address: 0x0000000800000000

Heap:
 garbage-first heap   total 131072K, used 11264K [0x0000000780000000, 0x0000000800000000)
  region size 1024K, 12 young (12288K), 0 survivors (0K)
 Metaspace       used 16070K, capacity 16472K, committed 16896K, reserved 1064960K
  class space    used 1737K, capacity 1929K, committed 2048K, reserved 1048576K
Heap Regions: E=young(eden), S=young(survivor), O=old, HS=humongous(starts), HC=humongous(continues), CS=collection set, F=free, A=archive, TAMS=top-at-mark-start (previous, next)
|   0|0x0000000780000000, 0x0000000780000000, 0x0000000780100000|  0%| F|  |TAMS 0x0000000780000000, 0x0000000780000000| Untracked 
|   1|0x0000000780100000, 0x0000000780100000, 0x0000000780200000|  0%| F|  |TAMS 0x0000000780100000, 0x0000000780100000| Untracked 
|   2|0x0000000780200000, 0x0000000780200000, 0x0000000780300000|  0%| F|  |TAMS 0x0000000780200000, 0x0000000780200000| Untracked 
|   3|0x0000000780300000, 0x0000000780300000, 0x0000000780400000|  0%| F|  |TAMS 0x0000000780300000, 0x0000000780300000| Untracked 
|   4|0x0000000780400000, 0x0000000780400000, 0x0000000780500000|  0%| F|  |TAMS 0x0000000780400000, 0x0000000780400000| Untracked 
|   5|0x0000000780500000, 0x0000000780500000, 0x0000000780600000|  0%| F|  |TAMS 0x0000000780500000, 0x0000000780500000| Untracked 
|   6|0x0000000780600000, 0x0000000780600000, 0x0000000780700000|  0%| F|  |TAMS 0x0000000780600000, 0x0000000780600000| Untracked 
|   7|0x0000000780700000, 0x0000000780700000, 0x0000000780800000|  0%| F|  |TAMS 0x0000000780700000, 0x0000000780700000| Untracked 
|   8|0x0000000780800000, 0x0000000780800000, 0x0000000780900000|  0%| F|  |TAMS 0x0000000780800000, 0x0000000780800000| Untracked 
|   9|0x0000000780900000, 0x0000000780900000, 0x0000000780a00000|  0%| F|  |TAMS 0x0000000780900000, 0x0000000780900000| Untracked 
|  10|0x0000000780a00000, 0x0000000780a00000, 0x0000000780b00000|  0%| F|  |TAMS 0x0000000780a00000, 0x0000000780a00000| Untracked 
|  11|0x0000000780b00000, 0x0000000780b00000, 0x0000000780c00000|  0%| F|  |TAMS 0x0000000780b00000, 0x0000000780b00000| Untracked 
|  12|0x0000000780c00000, 0x0000000780c00000, 0x0000000780d00000|  0%| F|  |TAMS 0x0000000780c00000, 0x0000000780c00000| Untracked 
|  13|0x0000000780d00000, 0x0000000780d00000, 0x0000000780e00000|  0%| F|  |TAMS 0x0000000780d00000, 0x0000000780d00000| Untracked 
|  14|0x0000000780e00000, 0x0000000780e00000, 0x0000000780f00000|  0%| F|  |TAMS 0x0000000780e00000, 0x0000000780e00000| Untracked 
|  15|0x0000000780f00000, 0x0000000780f00000, 0x0000000781000000|  0%| F|  |TAMS 0x0000000780f00000, 0x0000000780f00000| Untracked 
|  16|0x0000000781000000, 0x0000000781000000, 0x0000000781100000|  0%| F|  |TAMS 0x0000000781000000, 0x0000000781000000| Untracked 
|  17|0x0000000781100000, 0x0000000781100000, 0x0000000781200000|  0%| F|  |TAMS 0x0000000781100000, 0x0000000781100000| Untracked 
|  18|0x0000000781200000, 0x0000000781200000, 0x0000000781300000|  0%| F|  |TAMS 0x0000000781200000, 0x0000000781200000| Untracked 
|  19|0x0000000781300000, 0x0000000781300000, 0x0000000781400000|  0%| F|  |TAMS 0x0000000781300000, 0x0000000781300000| Untracked 
|  20|0x0000000781400000, 0x0000000781400000, 0x0000000781500000|  0%| F|  |TAMS 0x0000000781400000, 0x0000000781400000| Untracked 
|  21|0x0000000781500000, 0x0000000781500000, 0x0000000781600000|  0%| F|  |TAMS 0x0000000781500000, 0x0000000781500000| Untracked 
|  22|0x0000000781600000, 0x0000000781600000, 0x0000000781700000|  0%| F|  |TAMS 0x0000000781600000, 0x0000000781600000| Untracked 
|  23|0x0000000781700000, 0x0000000781700000, 0x0000000781800000|  0%| F|  |TAMS 0x0000000781700000, 0x0000000781700000| Untracked 
|  24|0x0000000781800000, 0x0000000781800000, 0x0000000781900000|  0%| F|  |TAMS 0x0000000781800000, 0x0000000781800000| Untracked 
|  25|0x0000000781900000, 0x0000000781900000, 0x0000000781a00000|  0%| F|  |TAMS 0x0000000781900000, 0x0000000781900000| Untracked 
|  26|0x0000000781a00000, 0x0000000781a00000, 0x0000000781b00000|  0%| F|  |TAMS 0x0000000781a00000, 0x0000000781a00000| Untracked 
|  27|0x0000000781b00000, 0x0000000781b00000, 0x0000000781c00000|  0%| F|  |TAMS 0x0000000781b00000, 0x0000000781b00000| Untracked 
|  28|0x0000000781c00000, 0x0000000781c00000, 0x0000000781d00000|  0%| F|  |TAMS 0x0000000781c00000, 0x0000000781c00000| Untracked 
|  29|0x0000000781d00000, 0x0000000781d00000, 0x0000000781e00000|  0%| F|  |TAMS 0x0000000781d00000, 0x0000000781d00000| Untracked 
|  30|0x0000000781e00000, 0x0000000781e00000, 0x0000000781f00000|  0%| F|  |TAMS 0x0000000781e00000, 0x0000000781e00000| Untracked 
|  31|0x0000000781f00000, 0x0000000781f00000, 0x0000000782000000|  0%| F|  |TAMS 0x0000000781f00000, 0x0000000781f00000| Untracked 
|  32|0x0000000782000000, 0x0000000782000000, 0x0000000782100000|  0%| F|  |TAMS 0x0000000782000000, 0x0000000782000000| Untracked 
|  33|0x0000000782100000, 0x0000000782100000, 0x0000000782200000|  0%| F|  |TAMS 0x0000000782100000, 0x0000000782100000| Untracked 
|  34|0x0000000782200000, 0x0000000782200000, 0x0000000782300000|  0%| F|  |TAMS 0x0000000782200000, 0x0000000782200000| Untracked 
|  35|0x0000000782300000, 0x0000000782300000, 0x0000000782400000|  0%| F|  |TAMS 0x0000000782300000, 0x0000000782300000| Untracked 
|  36|0x0000000782400000, 0x0000000782400000, 0x0000000782500000|  0%| F|  |TAMS 0x0000000782400000, 0x0000000782400000| Untracked 
|  37|0x0000000782500000, 0x0000000782500000, 0x0000000782600000|  0%| F|  |TAMS 0x0000000782500000, 0x0000000782500000| Untracked 
|  38|0x0000000782600000, 0x0000000782600000, 0x0000000782700000|  0%| F|  |TAMS 0x0000000782600000, 0x0000000782600000| Untracked 
|  39|0x0000000782700000, 0x0000000782700000, 0x0000000782800000|  0%| F|  |TAMS 0x0000000782700000, 0x0000000782700000| Untracked 
|  40|0x0000000782800000, 0x0000000782800000, 0x0000000782900000|  0%| F|  |TAMS 0x0000000782800000, 0x0000000782800000| Untracked 
|  41|0x0000000782900000, 0x0000000782900000, 0x0000000782a00000|  0%| F|  |TAMS 0x0000000782900000, 0x0000000782900000| Untracked 
|  42|0x0000000782a00000, 0x0000000782a00000, 0x0000000782b00000|  0%| F|  |TAMS 0x0000000782a00000, 0x0000000782a00000| Untracked 
|  43|0x0000000782b00000, 0x0000000782b00000, 0x0000000782c00000|  0%| F|  |TAMS 0x0000000782b00000, 0x0000000782b00000| Untracked 
|  44|0x0000000782c00000, 0x0000000782c00000, 0x0000000782d00000|  0%| F|  |TAMS 0x0000000782c00000, 0x0000000782c00000| Untracked 
|  45|0x0000000782d00000, 0x0000000782d00000, 0x0000000782e00000|  0%| F|  |TAMS 0x0000000782d00000, 0x0000000782d00000| Untracked 
|  46|0x0000000782e00000, 0x0000000782e00000, 0x0000000782f00000|  0%| F|  |TAMS 0x0000000782e00000, 0x0000000782e00000| Untracked 
|  47|0x0000000782f00000, 0x0000000782f00000, 0x0000000783000000|  0%| F|  |TAMS 0x0000000782f00000, 0x0000000782f00000| Untracked 
|  48|0x0000000783000000, 0x0000000783000000, 0x0000000783100000|  0%| F|  |TAMS 0x0000000783000000, 0x0000000783000000| Untracked 
|  49|0x0000000783100000, 0x0000000783100000, 0x0000000783200000|  0%| F|  |TAMS 0x0000000783100000, 0x0000000783100000| Untracked 
|  50|0x0000000783200000, 0x0000000783200000, 0x0000000783300000|  0%| F|  |TAMS 0x0000000783200000, 0x0000000783200000| Untracked 
|  51|0x0000000783300000, 0x0000000783300000, 0x0000000783400000|  0%| F|  |TAMS 0x0000000783300000, 0x0000000783300000| Untracked 
|  52|0x0000000783400000, 0x0000000783400000, 0x0000000783500000|  0%| F|  |TAMS 0x0000000783400000, 0x0000000783400000| Untracked 
|  53|0x0000000783500000, 0x0000000783500000, 0x0000000783600000|  0%| F|  |TAMS 0x0000000783500000, 0x0000000783500000| Untracked 
|  54|0x0000000783600000, 0x0000000783600000, 0x0000000783700000|  0%| F|  |TAMS 0x0000000783600000, 0x0000000783600000| Untracked 
|  55|0x0000000783700000, 0x0000000783700000, 0x0000000783800000|  0%| F|  |TAMS 0x0000000783700000, 0x0000000783700000| Untracked 
|  56|0x0000000783800000, 0x0000000783800000, 0x0000000783900000|  0%| F|  |TAMS 0x0000000783800000, 0x0000000783800000| Untracked 
|  57|0x0000000783900000, 0x0000000783900000, 0x0000000783a00000|  0%| F|  |TAMS 0x0000000783900000, 0x0000000783900000| Untracked 
|  58|0x0000000783a00000, 0x0000000783a00000, 0x0000000783b00000|  0%| F|  |TAMS 0x0000000783a00000, 0x0000000783a00000| Untracked 
|  59|0x0000000783b00000, 0x0000000783b00000, 0x0000000783c00000|  0%| F|  |TAMS 0x0000000783b00000, 0x0000000783b00000| Untracked 
|  60|0x0000000783c00000, 0x0000000783c00000, 0x0000000783d00000|  0%| F|  |TAMS 0x0000000783c00000, 0x0000000783c00000| Untracked 
|  61|0x0000000783d00000, 0x0000000783d00000, 0x0000000783e00000|  0%| F|  |TAMS 0x0000000783d00000, 0x0000000783d00000| Untracked 
|  62|0x0000000783e00000, 0x0000000783e00000, 0x0000000783f00000|  0%| F|  |TAMS 0x0000000783e00000, 0x0000000783e00000| Untracked 
|  63|0x0000000783f00000, 0x0000000783f00000, 0x0000000784000000|  0%| F|  |TAMS 0x0000000783f00000, 0x0000000783f00000| Untracked 
|  64|0x0000000784000000, 0x0000000784000000, 0x0000000784100000|  0%| F|  |TAMS 0x0000000784000000, 0x0000000784000000| Untracked 
|  65|0x0000000784100000, 0x0000000784100000, 0x0000000784200000|  0%| F|  |TAMS 0x0000000784100000, 0x0000000784100000| Untracked 
|  66|0x0000000784200000, 0x0000000784200000, 0x0000000784300000|  0%| F|  |TAMS 0x0000000784200000, 0x0000000784200000| Untracked 
|  67|0x0000000784300000, 0x0000000784300000, 0x0000000784400000|  0%| F|  |TAMS 0x0000000784300000, 0x0000000784300000| Untracked 
|  68|0x0000000784400000, 0x0000000784400000, 0x0000000784500000|  0%| F|  |TAMS 0x0000000784400000, 0x0000000784400000| Untracked 
|  69|0x0000000784500000, 0x0000000784500000, 0x0000000784600000|  0%| F|  |TAMS 0x0000000784500000, 0x0000000784500000| Untracked 
|  70|0x0000000784600000, 0x0000000784600000, 0x0000000784700000|  0%| F|  |TAMS 0x0000000784600000, 0x0000000784600000| Untracked 
|  71|0x0000000784700000, 0x0000000784700000, 0x0000000784800000|  0%| F|  |TAMS 0x0000000784700000, 0x0000000784700000| Untracked 
|  72|0x0000000784800000, 0x0000000784800000, 0x0000000784900000|  0%| F|  |TAMS 0x0000000784800000, 0x0000000784800000| Untracked 
|  73|0x0000000784900000, 0x0000000784900000, 0x0000000784a00000|  0%| F|  |TAMS 0x0000000784900000, 0x0000000784900000| Untracked 
|  74|0x0000000784a00000, 0x0000000784a00000, 0x0000000784b00000|  0%| F|  |TAMS 0x0000000784a00000, 0x0000000784a00000| Untracked 
|  75|0x0000000784b00000, 0x0000000784b00000, 0x0000000784c00000|  0%| F|  |TAMS 0x0000000784b00000, 0x0000000784b00000| Untracked 
|  76|0x0000000784c00000, 0x0000000784c00000, 0x0000000784d00000|  0%| F|  |TAMS 0x0000000784c00000, 0x0000000784c00000| Untracked 
|  77|0x0000000784d00000, 0x0000000784d00000, 0x0000000784e00000|  0%| F|  |TAMS 0x0000000784d00000, 0x0000000784d00000| Untracked 
|  78|0x0000000784e00000, 0x0000000784e00000, 0x0000000784f00000|  0%| F|  |TAMS 0x0000000784e00000, 0x0000000784e00000| Untracked 
|  79|0x0000000784f00000, 0x0000000784f00000, 0x0000000785000000|  0%| F|  |TAMS 0x0000000784f00000, 0x0000000784f00000| Untracked 
|  80|0x0000000785000000, 0x0000000785000000, 0x0000000785100000|  0%| F|  |TAMS 0x0000000785000000, 0x0000000785000000| Untracked 
|  81|0x0000000785100000, 0x0000000785100000, 0x0000000785200000|  0%| F|  |TAMS 0x0000000785100000, 0x0000000785100000| Untracked 
|  82|0x0000000785200000, 0x0000000785200000, 0x0000000785300000|  0%| F|  |TAMS 0x0000000785200000, 0x0000000785200000| Untracked 
|  83|0x0000000785300000, 0x0000000785300000, 0x0000000785400000|  0%| F|  |TAMS 0x0000000785300000, 0x0000000785300000| Untracked 
|  84|0x0000000785400000, 0x0000000785400000, 0x0000000785500000|  0%| F|  |TAMS 0x0000000785400000, 0x0000000785400000| Untracked 
|  85|0x0000000785500000, 0x0000000785500000, 0x0000000785600000|  0%| F|  |TAMS 0x0000000785500000, 0x0000000785500000| Untracked 
|  86|0x0000000785600000, 0x0000000785600000, 0x0000000785700000|  0%| F|  |TAMS 0x0000000785600000, 0x0000000785600000| Untracked 
|  87|0x0000000785700000, 0x0000000785700000, 0x0000000785800000|  0%| F|  |TAMS 0x0000000785700000, 0x0000000785700000| Untracked 
|  88|0x0000000785800000, 0x0000000785800000, 0x0000000785900000|  0%| F|  |TAMS 0x0000000785800000, 0x0000000785800000| Untracked 
|  89|0x0000000785900000, 0x0000000785900000, 0x0000000785a00000|  0%| F|  |TAMS 0x0000000785900000, 0x0000000785900000| Untracked 
|  90|0x0000000785a00000, 0x0000000785a00000, 0x0000000785b00000|  0%| F|  |TAMS 0x0000000785a00000, 0x0000000785a00000| Untracked 
|  91|0x0000000785b00000, 0x0000000785b00000, 0x0000000785c00000|  0%| F|  |TAMS 0x0000000785b00000, 0x0000000785b00000| Untracked 
|  92|0x0000000785c00000, 0x0000000785c00000, 0x0000000785d00000|  0%| F|  |TAMS 0x0000000785c00000, 0x0000000785c00000| Untracked 
|  93|0x0000000785d00000, 0x0000000785d00000, 0x0000000785e00000|  0%| F|  |TAMS 0x0000000785d00000, 0x0000000785d00000| Untracked 
|  94|0x0000000785e00000, 0x0000000785e00000, 0x0000000785f00000|  0%| F|  |TAMS 0x0000000785e00000, 0x0000000785e00000| Untracked 
|  95|0x0000000785f00000, 0x0000000785f00000, 0x0000000786000000|  0%| F|  |TAMS 0x0000000785f00000, 0x0000000785f00000| Untracked 
|  96|0x0000000786000000, 0x0000000786000000, 0x0000000786100000|  0%| F|  |TAMS 0x0000000786000000, 0x0000000786000000| Untracked 
|  97|0x0000000786100000, 0x0000000786100000, 0x0000000786200000|  0%| F|  |TAMS 0x0000000786100000, 0x0000000786100000| Untracked 
|  98|0x0000000786200000, 0x0000000786200000, 0x0000000786300000|  0%| F|  |TAMS 0x0000000786200000, 0x0000000786200000| Untracked 
|  99|0x0000000786300000, 0x0000000786300000, 0x0000000786400000|  0%| F|  |TAMS 0x0000000786300000, 0x0000000786300000| Untracked 
| 100|0x0000000786400000, 0x0000000786400000, 0x0000000786500000|  0%| F|  |TAMS 0x0000000786400000, 0x0000000786400000| Untracked 
| 101|0x0000000786500000, 0x0000000786500000, 0x0000000786600000|  0%| F|  |TAMS 0x0000000786500000, 0x0000000786500000| Untracked 
| 102|0x0000000786600000, 0x0000000786600000, 0x0000000786700000|  0%| F|  |TAMS 0x0000000786600000, 0x0000000786600000| Untracked 
| 103|0x0000000786700000, 0x0000000786700000, 0x0000000786800000|  0%| F|  |TAMS 0x0000000786700000, 0x0000000786700000| Untracked 
| 104|0x0000000786800000, 0x0000000786800000, 0x0000000786900000|  0%| F|  |TAMS 0x0000000786800000, 0x0000000786800000| Untracked 
| 105|0x0000000786900000, 0x0000000786900000, 0x0000000786a00000|  0%| F|  |TAMS 0x0000000786900000, 0x0000000786900000| Untracked 
| 106|0x0000000786a00000, 0x0000000786a00000, 0x0000000786b00000|  0%| F|  |TAMS 0x0000000786a00000, 0x0000000786a00000| Untracked 
| 107|0x0000000786b00000, 0x0000000786b00000, 0x0000000786c00000|  0%| F|  |TAMS 0x0000000786b00000, 0x0000000786b00000| Untracked 
| 108|0x0000000786c00000, 0x0000000786c00000, 0x0000000786d00000|  0%| F|  |TAMS 0x0000000786c00000, 0x0000000786c00000| Untracked 
| 109|0x0000000786d00000, 0x0000000786d00000, 0x0000000786e00000|  0%| F|  |TAMS 0x0000000786d00000, 0x0000000786d00000| Untracked 
| 110|0x0000000786e00000, 0x0000000786e00000, 0x0000000786f00000|  0%| F|  |TAMS 0x0000000786e00000, 0x0000000786e00000| Untracked 
| 111|0x0000000786f00000, 0x0000000786f00000, 0x0000000787000000|  0%| F|  |TAMS 0x0000000786f00000, 0x0000000786f00000| Untracked 
| 112|0x0000000787000000, 0x0000000787000000, 0x0000000787100000|  0%| F|  |TAMS 0x0000000787000000, 0x0000000787000000| Untracked 
| 113|0x0000000787100000, 0x0000000787100000, 0x0000000787200000|  0%| F|  |TAMS 0x0000000787100000, 0x0000000787100000| Untracked 
| 114|0x0000000787200000, 0x0000000787200000, 0x0000000787300000|  0%| F|  |TAMS 0x0000000787200000, 0x0000000787200000| Untracked 
| 115|0x0000000787300000, 0x0000000787300000, 0x0000000787400000|  0%| F|  |TAMS 0x0000000787300000, 0x0000000787300000| Untracked 
| 116|0x0000000787400000, 0x0000000787448308, 0x0000000787500000| 28%| E|  |TAMS 0x0000000787400000, 0x0000000787400000| Complete 
| 117|0x0000000787500000, 0x0000000787600000, 0x0000000787600000|100%| E|CS|TAMS 0x0000000787500000, 0x0000000787500000| Complete 
| 118|0x0000000787600000, 0x0000000787700000, 0x0000000787700000|100%| E|CS|TAMS 0x0000000787600000, 0x0000000787600000| Complete 
| 119|0x0000000787700000, 0x0000000787800000, 0x0000000787800000|100%| E|CS|TAMS 0x0000000787700000, 0x0000000787700000| Complete 
| 120|0x0000000787800000, 0x0000000787900000, 0x0000000787900000|100%| E|CS|TAMS 0x0000000787800000, 0x0000000787800000| Complete 
| 121|0x0000000787900000, 0x0000000787a00000, 0x0000000787a00000|100%| E|CS|TAMS 0x0000000787900000, 0x0000000787900000| Complete 
| 122|0x0000000787a00000, 0x0000000787b00000, 0x0000000787b00000|100%| E|CS|TAMS 0x0000000787a00000, 0x0000000787a00000| Complete 
| 123|0x0000000787b00000, 0x0000000787c00000, 0x0000000787c00000|100%| E|CS|TAMS 0x0000000787b00000, 0x0000000787b00000| Complete 
| 124|0x0000000787c00000, 0x0000000787d00000, 0x0000000787d00000|100%| E|CS|TAMS 0x0000000787c00000, 0x0000000787c00000| Complete 
| 125|0x0000000787d00000, 0x0000000787e00000, 0x0000000787e00000|100%| E|CS|TAMS 0x0000000787d00000, 0x0000000787d00000| Complete 
| 126|0x0000000787e00000, 0x0000000787f00000, 0x0000000787f00000|100%| E|CS|TAMS 0x0000000787e00000, 0x0000000787e00000| Complete 
| 127|0x0000000787f00000, 0x0000000788000000, 0x0000000788000000|100%| E|CS|TAMS 0x0000000787f00000, 0x0000000787f00000| Complete 

Card table byte_map: [0x0000000121fdb000,0x00000001223db000] _byte_map_base: 0x000000011e3db000

Marking Bits (Prev, Next): (CMBitMap*) 0x00007ff7b7025e18, (CMBitMap*) 0x00007ff7b7025e50
 Prev Bits: [0x00000001227db000, 0x00000001247db000)
 Next Bits: [0x00000001247db000, 0x00000001267db000)

Polling page: 0x00000001071bf000

Metaspace:

Usage:
  Non-class:     14.20 MB capacity,    14.00 MB ( 99%) used,   165.88 KB (  1%) free+waste,    44.75 KB ( <1%) overhead. 
      Class:      1.88 MB capacity,     1.70 MB ( 90%) used,   166.83 KB (  9%) free+waste,    24.50 KB (  1%) overhead. 
       Both:     16.09 MB capacity,    15.69 MB ( 98%) used,   332.70 KB (  2%) free+waste,    69.25 KB ( <1%) overhead. 

Virtual space:
  Non-class space:       16.00 MB reserved,      14.50 MB ( 91%) committed 
      Class space:        1.00 GB reserved,       2.00 MB ( <1%) committed 
             Both:        1.02 GB reserved,      16.50 MB (  2%) committed 

Chunk freelists:
   Non-Class:  12.12 KB
       Class:  2.88 KB
        Both:  15.00 KB

CodeHeap 'non-profiled nmethods': size=120032Kb used=325Kb max_used=325Kb free=119706Kb
 bounds [0x000000011a6a3000, 0x000000011a913000, 0x0000000121bdb000]
CodeHeap 'profiled nmethods': size=120032Kb used=1678Kb max_used=1678Kb free=118353Kb
 bounds [0x000000011316b000, 0x00000001133db000, 0x000000011a6a3000]
CodeHeap 'non-nmethods': size=5696Kb used=1221Kb max_used=1233Kb free=4474Kb
 bounds [0x0000000112bdb000, 0x0000000112e4b000, 0x000000011316b000]
 total_blobs=1661 nmethods=1043 adapters=531
 compilation: enabled
              stopped_count=0, restarted_count=0
 full_count=0

Compilation events (10 events):
Event: 4.567 Thread 0x00007ff7b7055000 1043       3       java.nio.ByteBuffer::limit (8 bytes)
Event: 4.567 Thread 0x00007ff7b7055000 nmethod 1043 0x000000011330de90 code [0x000000011330e040, 0x000000011330e180]
Event: 4.567 Thread 0x00007ff7b7055000 1044       3       java.nio.MappedByteBuffer::limit (8 bytes)
Event: 4.567 Thread 0x00007ff7b7055000 nmethod 1044 0x000000011330e210 code [0x000000011330e3c0, 0x000000011330e560]
Event: 4.567 Thread 0x00007ff7b7055000 1045       3       java.nio.MappedByteBuffer::position (8 bytes)
Event: 4.568 Thread 0x00007ff7b7055000 nmethod 1045 0x000000011330e610 code [0x000000011330e7c0, 0x000000011330e960]
Event: 4.568 Thread 0x00007ff7b7055000 1046       1       jdk.internal.jimage.ImageHeader::getTableLength (5 bytes)
Event: 4.568 Thread 0x00007ff7b7055000 nmethod 1046 0x000000011a6f3f90 code [0x000000011a6f4120, 0x000000011a6f41d0]
Event: 4.568 Thread 0x00007ff7b7055000 1047       1       java.net.URL::getProtocol (5 bytes)
Event: 4.568 Thread 0x00007ff7b7055000 nmethod 1047 0x000000011a6f4210 code [0x000000011a6f43a0, 0x000000011a6f4450]

GC Heap History (0 events):
No events

Deoptimization events (8 events):
Event: 0.505 Thread 0x00007ff7b880f800 Uncommon trap: reason=unstable_if action=reinterpret pc=0x000000011a6ad0cc method=java.util.HashMap.putVal(ILjava/lang/Object;Ljava/lang/Object;ZZ)Ljava/lang/Object; @ 69 c2
Event: 2.222 Thread 0x00007ff7b880f800 Uncommon trap: reason=unstable_if action=reinterpret pc=0x000000011a6c4d38 method=java.util.HashMap.hash(Ljava/lang/Object;)I @ 1 c2
Event: 2.256 Thread 0x00007ff7b880f800 Uncommon trap: reason=unstable_if action=reinterpret pc=0x000000011a6aad2c method=java.lang.String.equals(Ljava/lang/Object;)Z @ 27 c2
Event: 2.256 Thread 0x00007ff7b880f800 Uncommon trap: reason=unstable_if action=reinterpret pc=0x000000011a6af014 method=java.lang.String.isLatin1()Z @ 10 c2
Event: 2.443 Thread 0x00007ff7b880f800 Uncommon trap: reason=unstable_if action=reinterpret pc=0x000000011a6d635c method=jdk.internal.org.objectweb.asm.Frame.execute(IILjdk/internal/org/objectweb/asm/ClassWriter;Ljdk/internal/org/objectweb/asm/Item;)V @ 1 c2
Event: 2.443 Thread 0x00007ff7b8a41800 Uncommon trap: reason=unstable_if action=reinterpret pc=0x000000011a6d635c method=jdk.internal.org.objectweb.asm.Frame.execute(IILjdk/internal/org/objectweb/asm/ClassWriter;Ljdk/internal/org/objectweb/asm/Item;)V @ 1 c2
Event: 2.572 Thread 0x00007ff7b880f800 Uncommon trap: reason=unstable_if action=reinterpret pc=0x000000011a6a7e78 method=java.lang.String.isLatin1()Z @ 10 c2
Event: 4.213 Thread 0x00007ff7b880f800 Uncommon trap: reason=unstable_if action=reinterpret pc=0x000000011a6e664c method=java.lang.StringLatin1.toLowerCase(Ljava/lang/String;[BLjava/util/Locale;)Ljava/lang/String; @ 40 c2

Classes redefined (0 events):
No events

Internal exceptions (10 events):
Event: 2.442 Thread 0x00007ff7b880f800 Exception <a 'java/lang/NoSuchMethodError'{0x000000078764c968}: java.lang.invoke.DirectMethodHandle$Holder.invokeStatic(Ljava/lang/Object;Ljava/lang/Object;J)V> (0x000000078764c968) thrown at [./open/src/hotspot/share/interpreter/linkResolver.cpp, line 77
Event: 2.604 Thread 0x00007ff7b880f800 Exception <a 'java/lang/NoSuchMethodError'{0x00000007876c6d58}: java.lang.invoke.DirectMethodHandle$Holder.invokeStatic(Ljava/lang/Object;Ljava/lang/Object;Ljava/lang/Object;Ljava/lang/Object;Ljava/lang/Object;Ljava/lang/Object;Ljava/lang/Object;Ljava/lan
Event: 2.607 Thread 0x00007ff7b880f800 Exception <a 'java/lang/NoSuchMethodError'{0x00000007876e51a0}: java.lang.invoke.DirectMethodHandle$Holder.invokeStatic(Ljava/lang/Object;Ljava/lang/Object;Ljava/lang/Object;Ljava/lang/Object;Ljava/lang/Object;Ljava/lang/Object;Ljava/lang/Object;Ljava/lan
Event: 2.610 Thread 0x00007ff7b880f800 Exception <a 'java/lang/NoSuchMethodError'{0x0000000787504658}: java.lang.invoke.DirectMethodHandle$Holder.invokeStatic(Ljava/lang/Object;Ljava/lang/Object;Ljava/lang/Object;Ljava/lang/Object;Ljava/lang/Object;Ljava/lang/Object;Ljava/lang/Object;Ljava/lan
Event: 2.613 Thread 0x00007ff7b880f800 Exception <a 'java/lang/NoSuchMethodError'{0x0000000787524d10}: java.lang.invoke.DirectMethodHandle$Holder.invokeStatic(Ljava/lang/Object;Ljava/lang/Object;Ljava/lang/Object;Ljava/lang/Object;Ljava/lang/Object;Ljava/lang/Object;Ljava/lang/Object;Ljava/lan
Event: 4.489 Thread 0x00007ff7b880f800 Exception <a 'java/lang/NoSuchMethodError'{0x00000007875c4d10}: java.lang.invoke.DirectMethodHandle$Holder.invokeSpecial(Ljava/lang/Object;Ljava/lang/Object;J)V> (0x00000007875c4d10) thrown at [./open/src/hotspot/share/interpreter/linkResolver.cpp, line 7
Event: 4.490 Thread 0x00007ff7b880f800 Exception <a 'java/lang/NoSuchMethodError'{0x00000007875ca7c8}: java.lang.invoke.DirectMethodHandle$Holder.invokeStatic(Ljava/lang/Object;JJ)V> (0x00000007875ca7c8) thrown at [./open/src/hotspot/share/interpreter/linkResolver.cpp, line 772]
Event: 4.491 Thread 0x00007ff7b880f800 Exception <a 'java/lang/NoSuchMethodError'{0x00000007875cf9b0}: java.lang.invoke.DirectMethodHandle$Holder.invokeStatic(Ljava/lang/Object;J)Ljava/lang/Object;> (0x00000007875cf9b0) thrown at [./open/src/hotspot/share/interpreter/linkResolver.cpp, line 772
Event: 4.494 Thread 0x00007ff7b880f800 Exception <a 'java/lang/NoSuchMethodError'{0x00000007875de8e8}: java.lang.invoke.Invokers$Holder.linkToTargetMethod(Ljava/lang/Object;ILjava/lang/Object;)Ljava/lang/Object;> (0x00000007875de8e8) thrown at [./open/src/hotspot/share/interpreter/linkResolver
Event: 4.521 Thread 0x00007ff7b7a81000 Exception <a 'java/lang/NoSuchMethodError'{0x000000078776a100}: java.lang.invoke.DirectMethodHandle$Holder.invokeStatic(Ljava/lang/Object;IILjava/lang/Object;Ljava/lang/Object;Ljava/lang/Object;)Ljava/lang/Object;> (0x000000078776a100) thrown at [./open/s

Events (10 events):
Event: 4.566 loading class sun/awt/im/InputMethodLocator
Event: 4.566 loading class sun/awt/im/InputMethodLocator done
Event: 4.566 loading class sun/awt/im/ExecutableInputMethodManager$3
Event: 4.566 loading class sun/awt/im/ExecutableInputMethodManager$3 done
Event: 4.568 loading class sun/lwawt/macosx/CInputMethod
Event: 4.568 loading class sun/awt/im/InputMethodAdapter
Event: 4.568 loading class java/awt/im/spi/InputMethod
Event: 4.568 loading class java/awt/im/spi/InputMethod done
Event: 4.568 loading class sun/awt/im/InputMethodAdapter done
Event: 4.569 loading class sun/lwawt/macosx/CInputMethod done


Dynamic libraries:
0x00007fff34f2e000 	/System/Library/Frameworks/Cocoa.framework/Versions/A/Cocoa
0x00007fff22278000 	/System/Library/Frameworks/Security.framework/Versions/A/Security
0x00007fff33136000 	/System/Library/Frameworks/ApplicationServices.framework/Versions/A/ApplicationServices
0x00007fff2a4fa000 	/usr/lib/libz.1.dylib
0x0000000107150000 	/Library/Java/JavaVirtualMachines/jdk-11.0.12.jdk/Contents/Home/lib/jli/libjli.dylib
0x00007fff2a5c2000 	/usr/lib/libSystem.B.dylib
0x00007fff22ca9000 	/System/Library/Frameworks/AppKit.framework/Versions/C/AppKit
0x00007fff25b6d000 	/System/Library/Frameworks/CoreData.framework/Versions/A/CoreData
0x00007fff21210000 	/System/Library/Frameworks/Foundation.framework/Versions/C/Foundation
0x00007fff239f5000 	/System/Library/PrivateFrameworks/UIFoundation.framework/Versions/A/UIFoundation
0x00007fff2fbf0000 	/System/Library/PrivateFrameworks/RemoteViewServices.framework/Versions/A/RemoteViewServices
0x00007fff28a06000 	/System/Library/PrivateFrameworks/XCTTargetBootstrap.framework/Versions/A/XCTTargetBootstrap
0x00007fff2b6ec000 	/usr/lib/libspindump.dylib
0x00007fff23c44000 	/System/Library/Frameworks/UniformTypeIdentifiers.framework/Versions/A/UniformTypeIdentifiers
0x00007fff2720a000 	/usr/lib/libapp_launch_measurement.dylib
0x00007fff2720d000 	/System/Library/PrivateFrameworks/CoreAutoLayout.framework/Versions/A/CoreAutoLayout
0x00007fff2836d000 	/System/Library/Frameworks/Metal.framework/Versions/A/Metal
0x00007fff29063000 	/usr/lib/liblangid.dylib
0x00007fff28a0a000 	/System/Library/PrivateFrameworks/CoreSVG.framework/Versions/A/CoreSVG
0x00007fff24c84000 	/System/Library/PrivateFrameworks/SkyLight.framework/Versions/A/SkyLight
0x00007fff24fea000 	/System/Library/Frameworks/CoreGraphics.framework/Versions/A/CoreGraphics
0x00007fff30117000 	/System/Library/Frameworks/Accelerate.framework/Versions/A/Accelerate
0x00007fff2b12a000 	/System/Library/PrivateFrameworks/IconServices.framework/Versions/A/IconServices
0x00007fff28351000 	/System/Library/Frameworks/IOSurface.framework/Versions/A/IOSurface
0x00007fff264f5000 	/usr/lib/libDiagnosticMessagesClient.dylib
0x00007fff289f2000 	/System/Library/PrivateFrameworks/DFRFoundation.framework/Versions/A/DFRFoundation
0x00007fff225d0000 	/usr/lib/libicucore.A.dylib
0x00007fff2cc2f000 	/System/Library/Frameworks/AudioToolbox.framework/Versions/A/AudioToolbox
0x00007fff2beb7000 	/System/Library/PrivateFrameworks/DataDetectorsCore.framework/Versions/A/DataDetectorsCore
0x00007fff24bf7000 	/usr/lib/libMobileGestalt.dylib
0x00007fff286f6000 	/System/Library/Frameworks/Carbon.framework/Versions/A/Frameworks/HIToolbox.framework/Versions/A/HIToolbox
0x00007fff26c4f000 	/System/Library/Frameworks/QuartzCore.framework/Versions/A/QuartzCore
0x00007fff2fc28000 	/System/Library/Frameworks/Carbon.framework/Versions/A/Frameworks/SpeechRecognition.framework/Versions/A/SpeechRecognition
0x00007fff26f6f000 	/System/Library/PrivateFrameworks/CoreUI.framework/Versions/A/CoreUI
0x00007fff21be6000 	/System/Library/Frameworks/CoreAudio.framework/Versions/A/CoreAudio
0x00007fff265e0000 	/System/Library/Frameworks/DiskArbitration.framework/Versions/A/DiskArbitration
0x00007fff2baba000 	/System/Library/PrivateFrameworks/MultitouchSupport.framework/Versions/A/MultitouchSupport
0x00007fff2beae000 	/System/Library/PrivateFrameworks/InternationalSupport.framework/Versions/A/InternationalSupport
0x00007fff24bf6000 	/usr/lib/libenergytrace.dylib
0x00007fff22ba0000 	/System/Library/Frameworks/IOKit.framework/Versions/A/IOKit
0x00007fff2ff5b000 	/System/Library/Frameworks/CoreServices.framework/Versions/A/CoreServices
0x00007fff2719c000 	/System/Library/PrivateFrameworks/PerformanceAnalysis.framework/Versions/A/PerformanceAnalysis
0x00007fff6bac8000 	/System/Library/Frameworks/OpenGL.framework/Versions/A/OpenGL
0x00007fff2bf32000 	/System/Library/PrivateFrameworks/UserActivity.framework/Versions/A/UserActivity
0x00007fff20281000 	/usr/lib/libobjc.A.dylib
0x00007fff25674000 	/System/Library/Frameworks/ColorSync.framework/Versions/A/ColorSync
0x00007fff20461000 	/System/Library/Frameworks/CoreFoundation.framework/Versions/A/CoreFoundation
0x00007fff28c71000 	/System/Library/Frameworks/CoreImage.framework/Versions/A/CoreImage
0x00007fff21a00000 	/System/Library/Frameworks/CoreText.framework/Versions/A/CoreText
0x00007fff28a34000 	/System/Library/Frameworks/ImageIO.framework/Versions/A/ImageIO
0x00007fff2a5c8000 	/System/Library/PrivateFrameworks/SoftLinking.framework/Versions/A/SoftLinking
0x00007fff27255000 	/usr/lib/libxml2.2.dylib
0x00007fff20347000 	/usr/lib/libc++.1.dylib
0x00007fff2a839000 	/usr/lib/libcompression.dylib
0x00007fff2bde0000 	/System/Library/PrivateFrameworks/TextureIO.framework/Versions/A/TextureIO
0x00007fff2ae68000 	/usr/lib/libate.dylib
0x00007fff2a5bc000 	/usr/lib/system/libcache.dylib
0x00007fff2a578000 	/usr/lib/system/libcommonCrypto.dylib
0x00007fff2a5a2000 	/usr/lib/system/libcompiler_rt.dylib
0x00007fff2a597000 	/usr/lib/system/libcopyfile.dylib
0x00007fff20171000 	/usr/lib/system/libcorecrypto.dylib
0x00007fff2023c000 	/usr/lib/system/libdispatch.dylib
0x00007fff203ef000 	/usr/lib/system/libdyld.dylib
0x00007fff2a5b3000 	/usr/lib/system/libkeymgr.dylib
0x00007fff2d9c6000 	/usr/lib/system/liblaunch.dylib
0x00007fff2a556000 	/usr/lib/system/libmacho.dylib
0x00007fff29d4e000 	/usr/lib/system/libquarantine.dylib
0x00007fff2a5b0000 	/usr/lib/system/libremovefile.dylib
0x00007fff24c54000 	/usr/lib/system/libsystem_asl.dylib
0x00007fff20121000 	/usr/lib/system/libsystem_blocks.dylib
0x00007fff202be000 	/usr/lib/system/libsystem_c.dylib
0x00007fff2a5aa000 	/usr/lib/system/libsystem_collections.dylib
0x00007fff29054000 	/usr/lib/system/libsystem_configuration.dylib
0x00007fff28340000 	/usr/lib/system/libsystem_containermanager.dylib
0x00007fff2a2f9000 	/usr/lib/system/libsystem_coreservices.dylib
0x00007fff22830000 	/usr/lib/system/libsystem_darwin.dylib
0x00007fff2a5b4000 	/usr/lib/system/libsystem_dnssd.dylib
0x00007fff202bb000 	/usr/lib/system/libsystem_featureflags.dylib
0x00007fff20435000 	/usr/lib/system/libsystem_info.dylib
0x00007fff2a50d000 	/usr/lib/system/libsystem_m.dylib
0x00007fff2020f000 	/usr/lib/system/libsystem_malloc.dylib
0x00007fff24be7000 	/usr/lib/system/libsystem_networkextension.dylib
0x00007fff22c4f000 	/usr/lib/system/libsystem_notify.dylib
0x00007fff2fe5d000 	/usr/lib/system/libsystem_product_info_filter.dylib
0x00007fff29058000 	/usr/lib/system/libsystem_sandbox.dylib
0x00007fff2a5ad000 	/usr/lib/system/libsystem_secinit.dylib
0x00007fff203b3000 	/usr/lib/system/libsystem_kernel.dylib
0x00007fff2042b000 	/usr/lib/system/libsystem_platform.dylib
0x00007fff203e3000 	/usr/lib/system/libsystem_pthread.dylib
0x00007fff26331000 	/usr/lib/system/libsystem_symptoms.dylib
0x00007fff20159000 	/usr/lib/system/libsystem_trace.dylib
0x00007fff2a584000 	/usr/lib/system/libunwind.dylib
0x00007fff20123000 	/usr/lib/system/libxpc.dylib
0x00007fff2039d000 	/usr/lib/libc++abi.dylib
0x00007fff2a58f000 	/usr/lib/liboah.dylib
0x00007fff2ac4d000 	/usr/lib/liblzma.5.dylib
0x00007fff20f24000 	/System/Library/Frameworks/SystemConfiguration.framework/Versions/A/SystemConfiguration
0x00007fff2a5c4000 	/usr/lib/libfakelink.dylib
0x00007fff24748000 	/System/Library/Frameworks/CFNetwork.framework/Versions/A/CFNetwork
0x00007fff2a704000 	/usr/lib/libarchive.2.dylib
0x00007fff20fa2000 	/usr/lib/libCRFSuite.dylib
0x00007fff29d75000 	/usr/lib/libbsm.0.dylib
0x00007fff240c1000 	/usr/lib/libnetwork.dylib
0x00007fff2a5c9000 	/usr/lib/libpcap.A.dylib
0x00007fff2632a000 	/usr/lib/libdns_services.dylib
0x00007fff2ac66000 	/usr/lib/libcoretls_cfhelpers.dylib
0x00007fff2a803000 	/usr/lib/libapple_nghttp2.dylib
0x00007fff2a55c000 	/usr/lib/system/libkxld.dylib
0x00007fff25fa3000 	/usr/lib/libsqlite3.dylib
0x00007fff2a2dc000 	/System/Library/PrivateFrameworks/AppleFSCompression.framework/Versions/A/AppleFSCompression
0x00007fff29d5d000 	/usr/lib/libcoretls.dylib
0x00007fff2a834000 	/usr/lib/libpam.2.dylib
0x00007fff2ad64000 	/usr/lib/libxar.1.dylib
0x00007fff2905f000 	/System/Library/PrivateFrameworks/AppleSystemInfo.framework/Versions/A/AppleSystemInfo
0x00007fff2999f000 	/System/Library/PrivateFrameworks/IOMobileFramebuffer.framework/Versions/A/IOMobileFramebuffer
0x00007fff2a2ec000 	/usr/lib/libbz2.1.0.dylib
0x00007fff2a601000 	/usr/lib/libiconv.2.dylib
0x00007fff2a555000 	/usr/lib/libcharset.1.dylib
0x00007fff271d8000 	/System/Library/Frameworks/CoreServices.framework/Versions/A/Frameworks/FSEvents.framework/Versions/A/FSEvents
0x00007fff2283a000 	/System/Library/Frameworks/CoreServices.framework/Versions/A/Frameworks/CarbonCore.framework/Versions/A/CarbonCore
0x00007fff26545000 	/System/Library/Frameworks/CoreServices.framework/Versions/A/Frameworks/Metadata.framework/Versions/A/Metadata
0x00007fff2a2fe000 	/System/Library/Frameworks/CoreServices.framework/Versions/A/Frameworks/OSServices.framework/Versions/A/OSServices
0x00007fff2a776000 	/System/Library/Frameworks/CoreServices.framework/Versions/A/Frameworks/SearchKit.framework/Versions/A/SearchKit
0x00007fff262b5000 	/System/Library/Frameworks/CoreServices.framework/Versions/A/Frameworks/AE.framework/Versions/A/AE
0x00007fff208ff000 	/System/Library/Frameworks/CoreServices.framework/Versions/A/Frameworks/LaunchServices.framework/Versions/A/LaunchServices
0x00007fff2abfd000 	/System/Library/Frameworks/CoreServices.framework/Versions/A/Frameworks/DictionaryServices.framework/Versions/A/DictionaryServices
0x00007fff271e5000 	/System/Library/Frameworks/CoreServices.framework/Versions/A/Frameworks/SharedFileList.framework/Versions/A/SharedFileList
0x00007fff29d51000 	/usr/lib/libCheckFix.dylib
0x00007fff24c6b000 	/System/Library/PrivateFrameworks/TCC.framework/Versions/A/TCC
0x00007fff29065000 	/System/Library/PrivateFrameworks/CoreNLP.framework/Versions/A/CoreNLP
0x00007fff264f8000 	/System/Library/PrivateFrameworks/MetadataUtilities.framework/Versions/A/MetadataUtilities
0x00007fff20fd7000 	/usr/lib/libmecabra.dylib
0x00007fff2a05b000 	/System/Library/Frameworks/MLCompute.framework/Versions/A/MLCompute
0x00007fff29d86000 	/usr/lib/libmecab.dylib
0x00007fff29dd0000 	/usr/lib/libgermantok.dylib
0x00007fff2a7de000 	/usr/lib/libThaiTokenizer.dylib
0x00007fff2ad9f000 	/usr/lib/libChineseTokenizer.dylib
0x00007fff2a832000 	/System/Library/Frameworks/MetalPerformanceShaders.framework/Versions/A/MetalPerformanceShaders
0x00007fff265e7000 	/System/Library/Frameworks/Accelerate.framework/Versions/A/Frameworks/vImage.framework/Versions/A/vImage
0x00007fff2ff35000 	/System/Library/Frameworks/Accelerate.framework/Versions/A/Frameworks/vecLib.framework/Versions/A/vecLib
0x00007fff2adaa000 	/System/Library/Frameworks/Accelerate.framework/Versions/A/Frameworks/vecLib.framework/Versions/A/libvMisc.dylib
0x00007fff297ba000 	/System/Library/Frameworks/Accelerate.framework/Versions/A/Frameworks/vecLib.framework/Versions/A/libvDSP.dylib
0x00007fff20c0a000 	/System/Library/Frameworks/Accelerate.framework/Versions/A/Frameworks/vecLib.framework/Versions/A/libBLAS.dylib
0x00007fff2a85f000 	/System/Library/Frameworks/Accelerate.framework/Versions/A/Frameworks/vecLib.framework/Versions/A/libLAPACK.dylib
0x00007fff29dd6000 	/System/Library/Frameworks/Accelerate.framework/Versions/A/Frameworks/vecLib.framework/Versions/A/libLinearAlgebra.dylib
0x00007fff2a81b000 	/System/Library/Frameworks/Accelerate.framework/Versions/A/Frameworks/vecLib.framework/Versions/A/libSparseBLAS.dylib
0x00007fff2a859000 	/System/Library/Frameworks/Accelerate.framework/Versions/A/Frameworks/vecLib.framework/Versions/A/libQuadrature.dylib
0x00007fff29111000 	/System/Library/Frameworks/Accelerate.framework/Versions/A/Frameworks/vecLib.framework/Versions/A/libBNNS.dylib
0x00007fff20eb5000 	/System/Library/Frameworks/Accelerate.framework/Versions/A/Frameworks/vecLib.framework/Versions/A/libSparse.dylib
0x00007fff28fed000 	/System/Library/Frameworks/MetalPerformanceShaders.framework/Versions/A/Frameworks/MPSCore.framework/Versions/A/MPSCore
0x00007fff2a24b000 	/System/Library/Frameworks/MetalPerformanceShaders.framework/Versions/A/Frameworks/MPSImage.framework/Versions/A/MPSImage
0x00007fff29dec000 	/System/Library/Frameworks/MetalPerformanceShaders.framework/Versions/A/Frameworks/MPSNeuralNetwork.framework/Versions/A/MPSNeuralNetwork
0x00007fff2a1bd000 	/System/Library/Frameworks/MetalPerformanceShaders.framework/Versions/A/Frameworks/MPSMatrix.framework/Versions/A/MPSMatrix
0x00007fff2a00b000 	/System/Library/Frameworks/MetalPerformanceShaders.framework/Versions/A/Frameworks/MPSRayIntersector.framework/Versions/A/MPSRayIntersector
0x00007fff2a1f4000 	/System/Library/Frameworks/MetalPerformanceShaders.framework/Versions/A/Frameworks/MPSNDArray.framework/Versions/A/MPSNDArray
0x00007fff20b35000 	/System/Library/PrivateFrameworks/MetalTools.framework/Versions/A/MetalTools
0x00007fff2905d000 	/System/Library/PrivateFrameworks/AggregateDictionary.framework/Versions/A/AggregateDictionary
0x00007fff264c5000 	/System/Library/PrivateFrameworks/CoreAnalytics.framework/Versions/A/CoreAnalytics
0x00007fff2a7e0000 	/System/Library/PrivateFrameworks/AppleSauce.framework/Versions/A/AppleSauce
0x00007fff28363000 	/System/Library/PrivateFrameworks/IOAccelerator.framework/Versions/A/IOAccelerator
0x00007fff6babc000 	/System/Library/Frameworks/OpenGL.framework/Versions/A/Libraries/libCoreFSCache.dylib
0x00007fff2156f000 	/System/Library/PrivateFrameworks/LanguageModeling.framework/Versions/A/LanguageModeling
0x00007fff2998d000 	/System/Library/PrivateFrameworks/CoreEmoji.framework/Versions/A/CoreEmoji
0x00007fff2910a000 	/System/Library/PrivateFrameworks/LinguisticData.framework/Versions/A/LinguisticData
0x00007fff20e67000 	/System/Library/PrivateFrameworks/Lexicon.framework/Versions/A/Lexicon
0x00007fff2a6f2000 	/usr/lib/libcmph.dylib
0x00007fff271b8000 	/System/Library/Frameworks/OpenDirectory.framework/Versions/A/Frameworks/CFOpenDirectory.framework/Versions/A/CFOpenDirectory
0x00007fff271a8000 	/System/Library/Frameworks/OpenDirectory.framework/Versions/A/OpenDirectory
0x00007fff2ac68000 	/System/Library/PrivateFrameworks/APFS.framework/Versions/A/APFS
0x00007fff29cb3000 	/System/Library/Frameworks/SecurityFoundation.framework/Versions/A/SecurityFoundation
0x00007fff2ad72000 	/usr/lib/libutil.dylib
0x00007fff22b65000 	/System/Library/PrivateFrameworks/CoreServicesStore.framework/Versions/A/CoreServicesStore
0x00007fff29d49000 	/System/Library/Frameworks/ServiceManagement.framework/Versions/A/ServiceManagement
0x00007fff2ad76000 	/usr/lib/libxslt.1.dylib
0x00007fff29d3f000 	/System/Library/PrivateFrameworks/BackgroundTaskManagement.framework/Versions/A/BackgroundTaskManagement
0x00007fff2bd2a000 	/System/Library/Frameworks/ImageIO.framework/Versions/A/Resources/libRadiance.dylib
0x00007fff2bd34000 	/System/Library/Frameworks/ImageIO.framework/Versions/A/Resources/libJPEG.dylib
0x00007fff2bc84000 	/System/Library/Frameworks/ImageIO.framework/Versions/A/Resources/libPng.dylib
0x00007fff2bca5000 	/System/Library/Frameworks/ImageIO.framework/Versions/A/Resources/libTIFF.dylib
0x00007fff2bd89000 	/System/Library/Frameworks/ImageIO.framework/Versions/A/Resources/libGIF.dylib
0x00007fff2b9d6000 	/System/Library/Frameworks/ImageIO.framework/Versions/A/Resources/libJP2.dylib
0x00007fff2b0f1000 	/usr/lib/libexpat.1.dylib
0x00007fff2b98c000 	/System/Library/PrivateFrameworks/AppleJPEG.framework/Versions/A/AppleJPEG
0x00007fff28599000 	/System/Library/PrivateFrameworks/FontServices.framework/libFontParser.dylib
0x00007fff2626c000 	/System/Library/PrivateFrameworks/RunningBoardServices.framework/Versions/A/RunningBoardServices
0x00007fff2bab6000 	/System/Library/PrivateFrameworks/WatchdogClient.framework/Versions/A/WatchdogClient
0x00007fff21658000 	/System/Library/Frameworks/CoreDisplay.framework/Versions/A/CoreDisplay
0x00007fff284ae000 	/System/Library/Frameworks/CoreMedia.framework/Versions/A/CoreMedia
0x00007fff27338000 	/System/Library/Frameworks/CoreVideo.framework/Versions/A/CoreVideo
0x00007fff2baf1000 	/System/Library/Frameworks/VideoToolbox.framework/Versions/A/VideoToolbox
0x00007fff261ec000 	/System/Library/PrivateFrameworks/BaseBoard.framework/Versions/A/BaseBoard
0x00007fff2b236000 	/System/Library/PrivateFrameworks/PersistentConnection.framework/Versions/A/PersistentConnection
0x00007fff25f8d000 	/System/Library/PrivateFrameworks/ProtocolBuffer.framework/Versions/A/ProtocolBuffer
0x00007fff261d4000 	/System/Library/PrivateFrameworks/CommonUtilities.framework/Versions/A/CommonUtilities
0x00007fff2b94f000 	/System/Library/PrivateFrameworks/Bom.framework/Versions/A/Bom
0x00007fff2bd22000 	/System/Library/PrivateFrameworks/GPUWrangler.framework/Versions/A/GPUWrangler
0x00007fff2bd05000 	/System/Library/PrivateFrameworks/IOPresentment.framework/Versions/A/IOPresentment
0x00007fff2bd2e000 	/System/Library/PrivateFrameworks/DSExternalDisplay.framework/Versions/A/DSExternalDisplay
0x00007fff2bd8e000 	/System/Library/PrivateFrameworks/CMCaptureCore.framework/Versions/A/CMCaptureCore
0x00007fff2b6d2000 	/System/Library/PrivateFrameworks/AppServerSupport.framework/Versions/A/AppServerSupport
0x00007fff2d769000 	/System/Library/PrivateFrameworks/perfdata.framework/Versions/A/perfdata
0x00007fff29ca2000 	/System/Library/PrivateFrameworks/AssertionServices.framework/Versions/A/AssertionServices
0x00007fff2178f000 	/System/Library/PrivateFrameworks/AudioToolboxCore.framework/Versions/A/AudioToolboxCore
0x00007fff28491000 	/System/Library/PrivateFrameworks/caulk.framework/Versions/A/caulk
0x00007fff3cc15000 	/System/Library/PrivateFrameworks/SystemPolicy.framework/Versions/A/SystemPolicy
0x00007fff2af00000 	/usr/lib/libIOReport.dylib
0x00007fff2cfa5000 	/usr/lib/libSMC.dylib
0x00007fff2bc50000 	/usr/lib/libAudioToolboxUtility.dylib
0x00007fff3d572000 	/usr/lib/libmis.dylib
0x00007fff6bb18000 	/System/Library/Frameworks/OpenGL.framework/Versions/A/Libraries/libGLU.dylib
0x00007fff6badb000 	/System/Library/Frameworks/OpenGL.framework/Versions/A/Libraries/libGFXShared.dylib
0x00007fff6bce9000 	/System/Library/Frameworks/OpenGL.framework/Versions/A/Libraries/libGL.dylib
0x00007fff6bae4000 	/System/Library/Frameworks/OpenGL.framework/Versions/A/Libraries/libGLImage.dylib
0x00007fff6bad8000 	/System/Library/Frameworks/OpenGL.framework/Versions/A/Libraries/libCVMSPluginSupport.dylib
0x00007fff6bac3000 	/System/Library/Frameworks/OpenGL.framework/Versions/A/Libraries/libCoreVMClient.dylib
0x00007fff6d133000 	/System/Library/Frameworks/OpenCL.framework/Versions/A/OpenCL
0x00007fff2b25f000 	/System/Library/PrivateFrameworks/GraphVisualizer.framework/Versions/A/GraphVisualizer
0x00007fff2b26e000 	/System/Library/PrivateFrameworks/FaceCore.framework/Versions/A/FaceCore
0x00007fff2b68a000 	/System/Library/PrivateFrameworks/OTSVG.framework/Versions/A/OTSVG
0x00007fff26f2d000 	/System/Library/Frameworks/ApplicationServices.framework/Versions/A/Frameworks/ATS.framework/Versions/A/Resources/libFontRegistry.dylib
0x00007fff2b6d9000 	/System/Library/PrivateFrameworks/FontServices.framework/libhvf.dylib
0x00007fff2b09d000 	/System/Library/PrivateFrameworks/AppleVA.framework/Versions/A/AppleVA
0x00007fff2cded000 	/System/Library/Frameworks/ApplicationServices.framework/Versions/A/Frameworks/ATS.framework/Versions/A/ATS
0x00007fff2d100000 	/System/Library/Frameworks/ApplicationServices.framework/Versions/A/Frameworks/ColorSyncLegacy.framework/Versions/A/ColorSyncLegacy
0x00007fff2576b000 	/System/Library/Frameworks/ApplicationServices.framework/Versions/A/Frameworks/HIServices.framework/Versions/A/HIServices
0x00007fff2d0e5000 	/System/Library/Frameworks/ApplicationServices.framework/Versions/A/Frameworks/LangAnalysis.framework/Versions/A/LangAnalysis
0x00007fff2bd98000 	/System/Library/Frameworks/ApplicationServices.framework/Versions/A/Frameworks/PrintCore.framework/Versions/A/PrintCore
0x00007fff2d108000 	/System/Library/Frameworks/ApplicationServices.framework/Versions/A/Frameworks/QD.framework/Versions/A/QD
0x00007fff2cddd000 	/System/Library/Frameworks/ApplicationServices.framework/Versions/A/Frameworks/SpeechSynthesis.framework/Versions/A/SpeechSynthesis
0x00007fff2bd59000 	/System/Library/Frameworks/ApplicationServices.framework/Versions/A/Frameworks/ATSUI.framework/Versions/A/ATSUI
0x00007fff2d085000 	/usr/lib/libcups.2.dylib
0x00007fff2d0f5000 	/System/Library/PrivateFrameworks/NetAuth.framework/Versions/A/NetAuth
0x00007fff2d784000 	/System/Library/Frameworks/Kerberos.framework/Versions/A/Kerberos
0x00007fff2d794000 	/System/Library/Frameworks/GSS.framework/Versions/A/GSS
0x00007fff2ce5a000 	/usr/lib/libresolv.9.dylib
0x00007fff2b6ef000 	/System/Library/PrivateFrameworks/Heimdal.framework/Versions/A/Heimdal
0x00007fff3344b000 	/System/Library/Frameworks/Kerberos.framework/Versions/A/Libraries/libHeimdalProxy.dylib
0x00007fff26339000 	/System/Library/Frameworks/Network.framework/Versions/A/Network
0x00007fff2b10b000 	/usr/lib/libheimdal-asn1.dylib
0x00007fff2d7e5000 	/System/Library/PrivateFrameworks/CommonAuth.framework/Versions/A/CommonAuth
0x00007fff27386000 	/System/Library/PrivateFrameworks/login.framework/Versions/A/Frameworks/loginsupport.framework/Versions/A/loginsupport
0x00007fff2cd64000 	/System/Library/PrivateFrameworks/AudioSession.framework/Versions/A/AudioSession
0x00007fff2cdca000 	/usr/lib/libAudioStatistics.dylib
0x00007fff2b197000 	/System/Library/PrivateFrameworks/MediaExperience.framework/Versions/A/MediaExperience
0x00007fff2cbfd000 	/System/Library/PrivateFrameworks/AudioSession.framework/libSessionUtility.dylib
0x00007fff2d775000 	/usr/lib/libperfcheck.dylib
0x00007fff2d114000 	/System/Library/PrivateFrameworks/AudioResourceArbitration.framework/Versions/A/AudioResourceArbitration
0x00007fff2b115000 	/System/Library/PrivateFrameworks/IconFoundation.framework/Versions/A/IconFoundation
0x00007fff2fc18000 	/System/Library/PrivateFrameworks/SpeechRecognitionCore.framework/Versions/A/SpeechRecognitionCore
0x00007fff5cef5000 	/System/Library/CoreServices/Encodings/libLatin2Converter.dylib
0x0000000109800000 	/Library/Java/JavaVirtualMachines/jdk-11.0.12.jdk/Contents/Home/lib/server/libjvm.dylib
0x0000000107176000 	/Library/Java/JavaVirtualMachines/jdk-11.0.12.jdk/Contents/Home/lib/libverify.dylib
0x0000000107186000 	/Library/Java/JavaVirtualMachines/jdk-11.0.12.jdk/Contents/Home/lib/libjava.dylib
0x00000001071b3000 	/Library/Java/JavaVirtualMachines/jdk-11.0.12.jdk/Contents/Home/lib/libjimage.dylib
0x00000001071c1000 	/Library/Java/JavaVirtualMachines/jdk-11.0.12.jdk/Contents/Home/lib/libinstrument.dylib
0x0000000107218000 	/Library/Java/JavaVirtualMachines/jdk-11.0.12.jdk/Contents/Home/lib/libzip.dylib
0x000000010745d000 	/Library/Java/JavaVirtualMachines/jdk-11.0.12.jdk/Contents/Home/lib/libnio.dylib
0x000000010746f000 	/Library/Java/JavaVirtualMachines/jdk-11.0.12.jdk/Contents/Home/lib/libnet.dylib
0x0000000107489000 	/Library/Java/JavaVirtualMachines/jdk-11.0.12.jdk/Contents/Home/lib/libextnet.dylib
0x0000000107490000 	/Library/Java/JavaVirtualMachines/jdk-11.0.12.jdk/Contents/Home/lib/libawt.dylib
0x000000010752f000 	/Library/Java/JavaVirtualMachines/jdk-11.0.12.jdk/Contents/Home/lib/libmlib_image.dylib
0x00007fff6ea78000 	/System/Library/Frameworks/JavaRuntimeSupport.framework/Versions/A/JavaRuntimeSupport
0x00007fff3c95f000 	/System/Library/Frameworks/Carbon.framework/Versions/A/Carbon
0x00007fff31a89000 	/System/Library/PrivateFrameworks/CoreSymbolication.framework/Versions/A/CoreSymbolication
0x00007fff363f6000 	/System/Library/Frameworks/Carbon.framework/Versions/A/Frameworks/CommonPanels.framework/Versions/A/CommonPanels
0x00007fff32ee0000 	/System/Library/Frameworks/Carbon.framework/Versions/A/Frameworks/Help.framework/Versions/A/Help
0x00007fff363fa000 	/System/Library/Frameworks/Carbon.framework/Versions/A/Frameworks/ImageCapture.framework/Versions/A/ImageCapture
0x00007fff363ca000 	/System/Library/Frameworks/Carbon.framework/Versions/A/Frameworks/OpenScripting.framework/Versions/A/OpenScripting
0x00007fff363f2000 	/System/Library/Frameworks/Carbon.framework/Versions/A/Frameworks/Ink.framework/Versions/A/Ink
0x00007fff3c95b000 	/System/Library/Frameworks/Carbon.framework/Versions/A/Frameworks/Print.framework/Versions/A/Print
0x00007fff363ee000 	/System/Library/Frameworks/Carbon.framework/Versions/A/Frameworks/SecurityHI.framework/Versions/A/SecurityHI
0x00007fff31a4d000 	/System/Library/PrivateFrameworks/DebugSymbols.framework/Versions/A/DebugSymbols
0x0000000107598000 	/Library/Java/JavaVirtualMachines/jdk-11.0.12.jdk/Contents/Home/lib/libawt_lwawt.dylib
0x000000010766a000 	/Library/Java/JavaVirtualMachines/jdk-11.0.12.jdk/Contents/Home/lib/libosxapp.dylib
0x00007fff3bf76000 	/System/Library/Frameworks/ExceptionHandling.framework/Versions/A/ExceptionHandling
0x000000010768a000 	/Library/Java/JavaVirtualMachines/jdk-11.0.12.jdk/Contents/Home/lib/libfontmanager.dylib
0x000000012b17a000 	/Library/Java/JavaVirtualMachines/jdk-11.0.12.jdk/Contents/Home/lib/libfreetype.dylib
0x00007fff22b26000 	/System/Library/PrivateFrameworks/CoreServicesInternal.framework/Versions/A/CoreServicesInternal
0x00007fff30f9f000 	/System/Library/Frameworks/FileProvider.framework/Versions/A/FileProvider
0x00007fff26157000 	/System/Library/Frameworks/Accounts.framework/Versions/A/Accounts
0x00007fff310ef000 	/System/Library/PrivateFrameworks/GenerationalStorage.framework/Versions/A/GenerationalStorage
0x00007fff309bf000 	/System/Library/PrivateFrameworks/SymptomDiagnosticReporter.framework/Versions/A/SymptomDiagnosticReporter
0x00007fff23c57000 	/System/Library/PrivateFrameworks/DesktopServicesPriv.framework/Versions/A/DesktopServicesPriv
0x00007fff22c5b000 	/usr/lib/libsandbox.1.dylib
0x00007fff273b1000 	/System/Library/PrivateFrameworks/UserManagement.framework/Versions/A/UserManagement
0x00007fff29c7f000 	/System/Library/PrivateFrameworks/MobileKeyBag.framework/Versions/A/MobileKeyBag
0x00007fff344ce000 	/System/Library/PrivateFrameworks/ChunkingLibrary.framework/Versions/A/ChunkingLibrary
0x00007fff2e1a8000 	/System/Library/PrivateFrameworks/Sharing.framework/Versions/A/Sharing
0x00007fff32a4d000 	/System/Library/PrivateFrameworks/Apple80211.framework/Versions/A/Apple80211
0x00007fff2a32c000 	/System/Library/PrivateFrameworks/AuthKit.framework/Versions/A/AuthKit
0x00007fff29a7d000 	/System/Library/PrivateFrameworks/CoreUtils.framework/Versions/A/CoreUtils
0x00007fff299aa000 	/System/Library/Frameworks/CoreWLAN.framework/Versions/A/CoreWLAN
0x00007fff2e2f4000 	/System/Library/Frameworks/IOBluetooth.framework/Versions/A/IOBluetooth
0x00007fff32ab1000 	/System/Library/PrivateFrameworks/CoreWiFi.framework/Versions/A/CoreWiFi
0x00007fff2d86b000 	/System/Library/PrivateFrameworks/CorePhoneNumbers.framework/Versions/A/CorePhoneNumbers
0x00007fff30ac6000 	/System/Library/PrivateFrameworks/DiskManagement.framework/Versions/A/DiskManagement
0x00007fff309dc000 	/System/Library/PrivateFrameworks/AppleIDAuthSupport.framework/Versions/A/AppleIDAuthSupport
0x00007fff2d84b000 	/System/Library/PrivateFrameworks/KeychainCircle.framework/Versions/A/KeychainCircle
0x00007fff30a92000 	/System/Library/PrivateFrameworks/MediaKit.framework/Versions/A/MediaKit
0x00007fff309e9000 	/System/Library/Frameworks/DiscRecording.framework/Versions/A/DiscRecording
0x00007fff2b011000 	/usr/lib/libCoreStorage.dylib
0x00007fff32eec000 	/usr/lib/libcsfde.dylib
0x00007fff2e42f000 	/System/Library/PrivateFrameworks/ProtectedCloudStorage.framework/Versions/A/ProtectedCloudStorage
0x00007fff32ee4000 	/System/Library/PrivateFrameworks/EFILogin.framework/Versions/A/EFILogin
0x00007fff334fe000 	/System/Library/Frameworks/AudioUnit.framework/Versions/A/AudioUnit
0x00007fff30959000 	/System/Library/Frameworks/CoreBluetooth.framework/Versions/A/CoreBluetooth
0x00007fff2b009000 	/usr/lib/libMatch.1.dylib
0x00007fff437e6000 	/System/Library/CoreServices/RawCamera.bundle/Contents/MacOS/RawCamera
0x00007fff2d7f6000 	/System/Library/PrivateFrameworks/MobileAsset.framework/Versions/A/MobileAsset
0x00007fff33522000 	/System/Library/PrivateFrameworks/StreamingZip.framework/Versions/A/StreamingZip
0x00007fff2bf90000 	/System/Library/Frameworks/MediaToolbox.framework/Versions/A/MediaToolbox
0x00007fff30f71000 	/System/Library/PrivateFrameworks/CoreAVCHD.framework/Versions/A/CoreAVCHD
0x00007fff30158000 	/System/Library/Frameworks/MediaAccessibility.framework/Versions/A/MediaAccessibility
0x00007fff30f6d000 	/System/Library/PrivateFrameworks/Mangrove.framework/Versions/A/Mangrove
0x00007fff30164000 	/System/Library/PrivateFrameworks/AlgosScoreFramework.framework/Versions/A/AlgosScoreFramework
0x00007fff3195b000 	/System/Library/PrivateFrameworks/AppleVPA.framework/Versions/A/AppleVPA
0x00007fff30bb2000 	/System/Library/PrivateFrameworks/CoreAUC.framework/Versions/A/CoreAUC
0x00007fff41239000 	/System/Library/Frameworks/Accelerate.framework/Versions/A/Frameworks/vImage.framework/Versions/A/Libraries/libCGInterfaces.dylib
0x000000012ce94000 	/usr/lib/libobjc-trampolines.dylib
0x00007fff270b0000 	/System/Library/PrivateFrameworks/ViewBridge.framework/Versions/A/ViewBridge
0x00007fff6bcf4000 	/System/Library/Frameworks/OpenGL.framework/Versions/A/Resources/GLEngine.bundle/GLEngine
0x00007fff6bb55000 	/System/Library/Frameworks/OpenGL.framework/Versions/A/Libraries/libGLProgrammability.dylib
0x00007fff65c2a000 	/System/Library/Extensions/AppleIntelHD5000GraphicsGLDriver.bundle/Contents/MacOS/AppleIntelHD5000GraphicsGLDriver
0x00007fff4632c000 	/System/Library/PrivateFrameworks/GPUSupport.framework/Versions/A/Libraries/libGPUSupportMercury.dylib
0x00007fff6be72000 	/System/Library/Frameworks/OpenGL.framework/Versions/A/Resources/GLRendererFloat.bundle/GLRendererFloat
0x00007fff2b7b0000 	/System/Library/PrivateFrameworks/login.framework/Versions/A/login
0x000000012fc53000 	/Library/Java/JavaVirtualMachines/jdk-11.0.12.jdk/Contents/Home/lib/libosxui.dylib
0x00007fff5cef7000 	/System/Library/CoreServices/Encodings/libSimplifiedChineseConverter.dylib
0x00007fff40d65000 	/System/Library/PrivateFrameworks/Lookup.framework/Versions/A/Lookup
0x00007fff3d346000 	/System/Library/Frameworks/NaturalLanguage.framework/Versions/A/NaturalLanguage
0x00007fff3cdfa000 	/System/Library/PrivateFrameworks/DataDetectors.framework/Versions/A/DataDetectors
0x00007fff275e1000 	/System/Library/Frameworks/CoreML.framework/Versions/A/CoreML
0x00007fff258ba000 	/System/Library/PrivateFrameworks/Montreal.framework/Versions/A/Montreal
0x00007fff33566000 	/System/Library/PrivateFrameworks/DuetActivityScheduler.framework/Versions/A/DuetActivityScheduler
0x00007fff273cd000 	/System/Library/Frameworks/CloudKit.framework/Versions/A/CloudKit
0x00007fff33611000 	/System/Library/PrivateFrameworks/Espresso.framework/Versions/A/Espresso
0x00007fff23df5000 	/System/Library/PrivateFrameworks/CoreDuet.framework/Versions/A/CoreDuet
0x00007fff32493000 	/System/Library/PrivateFrameworks/CoreDuetContext.framework/Versions/A/CoreDuetContext
0x00007fff2af08000 	/System/Library/PrivateFrameworks/CrashReporterSupport.framework/Versions/A/CrashReporterSupport
0x00007fff309c9000 	/System/Library/PrivateFrameworks/PowerLog.framework/Versions/A/PowerLog
0x00007fff31487000 	/System/Library/Frameworks/CoreTelephony.framework/Versions/A/CoreTelephony
0x00007fff33f3f000 	/System/Library/PrivateFrameworks/CoreDuetDebugLogging.framework/Versions/A/CoreDuetDebugLogging
0x00007fff27389000 	/System/Library/PrivateFrameworks/ApplePushService.framework/Versions/A/ApplePushService
0x00007fff324e0000 	/System/Library/Frameworks/Intents.framework/Versions/A/Intents
0x00007fff33f42000 	/System/Library/PrivateFrameworks/CoreDuetDaemonProtocol.framework/Versions/A/CoreDuetDaemonProtocol
0x00007fff31b49000 	/System/Library/PrivateFrameworks/Rapport.framework/Versions/A/Rapport
0x00007fff47962000 	/System/Library/PrivateFrameworks/OSAnalytics.framework/Versions/A/OSAnalytics
0x00007fff7796b000 	/usr/lib/libRosetta.dylib
0x00007fff32e73000 	/System/Library/PrivateFrameworks/RemoteServiceDiscovery.framework/Versions/A/RemoteServiceDiscovery
0x00007fff51621000 	/System/Library/PrivateFrameworks/Symbolication.framework/Versions/A/Symbolication
0x00007fff3d552000 	/System/Library/PrivateFrameworks/MallocStackLogging.framework/Versions/A/MallocStackLogging
0x00007fff2d874000 	/usr/lib/libTelephonyUtilDynamic.dylib
0x00007fff30189000 	/System/Library/PrivateFrameworks/CoreDaemon.framework/Versions/B/CoreDaemon
0x00007fff30184000 	/System/Library/PrivateFrameworks/AppleSRP.framework/Versions/A/AppleSRP
0x00007fff335ac000 	/System/Library/PrivateFrameworks/C2.framework/Versions/A/C2
0x00007fff282c3000 	/System/Library/Frameworks/CoreLocation.framework/Versions/A/CoreLocation
0x00007fff335a6000 	/System/Library/Frameworks/PushKit.framework/Versions/A/PushKit
0x00007fff31b3f000 	/System/Library/PrivateFrameworks/CoreTime.framework/Versions/A/CoreTime
0x00007fff2e6e8000 	/System/Library/PrivateFrameworks/GeoServices.framework/Versions/A/GeoServices
0x00007fff2cbd4000 	/System/Library/PrivateFrameworks/LocationSupport.framework/Versions/A/LocationSupport
0x00007fff2afd2000 	/System/Library/PrivateFrameworks/PlugInKit.framework/Versions/A/PlugInKit
0x00007fff33599000 	/System/Library/PrivateFrameworks/IntentsFoundation.framework/Versions/A/IntentsFoundation
0x00007fff3170f000 	/System/Library/PrivateFrameworks/FrontBoardServices.framework/Versions/A/FrontBoardServices
0x00007fff3177f000 	/System/Library/PrivateFrameworks/BoardServices.framework/Versions/A/BoardServices
0x00007fff32c03000 	/System/Library/PrivateFrameworks/BackBoardServices.framework/Versions/A/BackBoardServices
0x00007fff34d92000 	/System/Library/PrivateFrameworks/AppleNeuralEngine.framework/Versions/A/AppleNeuralEngine
0x00007fff33e13000 	/System/Library/PrivateFrameworks/ANEServices.framework/Versions/A/ANEServices
0x00007fff3bfc9000 	/System/Library/Frameworks/WebKit.framework/Versions/A/WebKit
0x00007fff3845b000 	/System/Library/Frameworks/Quartz.framework/Versions/A/Frameworks/QuickLookUI.framework/Versions/A/QuickLookUI
0x00007fff306c6000 	/System/Library/PrivateFrameworks/AddressBookCore.framework/Versions/A/AddressBookCore
0x00007fff39222000 	/System/Library/PrivateFrameworks/PhoneNumbers.framework/Versions/A/PhoneNumbers
0x00007fff2df4b000 	/System/Library/PrivateFrameworks/IDS.framework/Versions/A/IDS
0x00007fff34bd1000 	/System/Library/Frameworks/WebKit.framework/Versions/A/Frameworks/WebKitLegacy.framework/Versions/A/WebKitLegacy
0x00007fff39252000 	/System/Library/Frameworks/WebKit.framework/Versions/A/Frameworks/WebCore.framework/Versions/A/WebCore
0x00007fff3923a000 	/usr/lib/libAccessibility.dylib
0x00007fff33338000 	/System/Library/PrivateFrameworks/CorePrediction.framework/Versions/A/CorePrediction
0x00007fff27971000 	/System/Library/Frameworks/WebKit.framework/Versions/A/Frameworks/WebCore.framework/Versions/A/Frameworks/libwebrtc.dylib
0x00007fff3bf7a000 	/System/Library/PrivateFrameworks/SafariSafeBrowsing.framework/Versions/A/SafariSafeBrowsing
0x00007fff2cef3000 	/System/Library/Frameworks/SecurityInterface.framework/Versions/A/SecurityInterface
0x00007fff39223000 	/System/Library/PrivateFrameworks/URLFormatting.framework/Versions/A/URLFormatting
0x00007fff3daa1000 	/System/Library/PrivateFrameworks/WebInspectorUI.framework/Versions/A/WebInspectorUI
0x00007fff36402000 	/System/Library/Frameworks/JavaScriptCore.framework/Versions/A/JavaScriptCore
0x00007fff2dcbf000 	/System/Library/Frameworks/NetworkExtension.framework/Versions/A/NetworkExtension
0x00007fff409ba000 	/System/Library/PrivateFrameworks/CaptiveNetwork.framework/Versions/A/CaptiveNetwork
0x00007fff2fed5000 	/usr/lib/libnetworkextension.dylib
0x00007fff32e3c000 	/System/Library/PrivateFrameworks/EAP8021X.framework/Versions/A/EAP8021X
0x00007fff3922b000 	/System/Library/PrivateFrameworks/AXCoreUtilities.framework/Versions/A/AXCoreUtilities
0x00007fff3d20c000 	/System/Library/PrivateFrameworks/CoreOptimization.framework/Versions/A/CoreOptimization
0x00007fff25875000 	/System/Library/PrivateFrameworks/WirelessDiagnostics.framework/Versions/A/WirelessDiagnostics
0x00007fff3605c000 	/System/Library/PrivateFrameworks/WirelessDiagnostics.framework/Versions/A/Libraries/libAWDSupportFramework.dylib
0x00007fff257c7000 	/System/Library/PrivateFrameworks/WirelessDiagnostics.framework/Versions/A/Libraries/libAWDSupport.dylib
0x00007fff25863000 	/System/Library/PrivateFrameworks/WirelessDiagnostics.framework/Versions/A/Libraries/libprotobuf-lite.dylib
0x00007fff25806000 	/System/Library/PrivateFrameworks/WirelessDiagnostics.framework/Versions/A/Libraries/libprotobuf.dylib
0x00007fff3d388000 	/System/Library/Frameworks/SafariServices.framework/Versions/A/SafariServices
0x00007fff335e0000 	/System/Library/Frameworks/QuickLookThumbnailing.framework/Versions/A/QuickLookThumbnailing
0x00007fff3bc8c000 	/System/Library/PrivateFrameworks/QuickLookSupport.framework/Versions/A/QuickLookSupport
0x00007fff3cdf6000 	/System/Library/PrivateFrameworks/QuickLookNonBaseSystem.framework/Versions/A/QuickLookNonBaseSystem
0x00007fff2e489000 	/System/Library/Frameworks/QuickLook.framework/Versions/A/QuickLook
0x00007fff3ca5b000 	/System/Library/Frameworks/AVFoundation.framework/Versions/A/AVFoundation
0x00007fff6e23d000 	/System/Library/Frameworks/AVFAudio.framework/Versions/A/AVFAudio
0x00007fff3157a000 	/System/Library/PrivateFrameworks/AVFCore.framework/Versions/A/AVFCore
0x00007fff3765e000 	/System/Library/PrivateFrameworks/AVFCapture.framework/Versions/A/AVFCapture
0x00007fff3bcaf000 	/System/Library/PrivateFrameworks/AirPlaySync.framework/Versions/A/AirPlaySync
0x00007fff2cf40000 	/System/Library/Frameworks/CoreMediaIO.framework/Versions/A/CoreMediaIO
0x00007fff37771000 	/System/Library/PrivateFrameworks/Quagga.framework/Versions/A/Quagga
0x00007fff37805000 	/System/Library/PrivateFrameworks/CMCapture.framework/Versions/A/CMCapture
0x00007fff6f8a6000 	/System/Library/PrivateFrameworks/CMImaging.framework/Versions/A/CMImaging
0x00007fff36395000 	/System/Library/PrivateFrameworks/MarkupUI.framework/Versions/A/MarkupUI
0x00007fff3cdd8000 	/System/Library/PrivateFrameworks/SidecarCore.framework/Versions/A/SidecarCore
0x00007fff40e11000 	/System/Library/Frameworks/Quartz.framework/Versions/A/Quartz
0x00007fff3e7fc000 	/System/Library/PrivateFrameworks/AnnotationKit.framework/Versions/A/AnnotationKit
0x00007fff3c8d7000 	/System/Library/PrivateFrameworks/CorePDF.framework/Versions/A/CorePDF
0x00007fff3edca000 	/System/Library/Frameworks/PDFKit.framework/Versions/A/PDFKit
0x00007fff3e929000 	/System/Library/Frameworks/Quartz.framework/Versions/A/Frameworks/QuartzComposer.framework/Versions/A/QuartzComposer
0x00007fff3e11b000 	/System/Library/Frameworks/Quartz.framework/Versions/A/Frameworks/QuartzFilters.framework/Versions/A/QuartzFilters
0x00007fff3d711000 	/System/Library/Frameworks/Quartz.framework/Versions/A/Frameworks/ImageKit.framework/Versions/A/ImageKit
0x00007fff35b1b000 	/System/Library/PrivateFrameworks/DisplayServices.framework/Versions/A/DisplayServices
0x00007fff3e0b8000 	/System/Library/Frameworks/ImageCaptureCore.framework/Versions/A/ImageCaptureCore
0x00007fff2e4e9000 	/System/Library/Frameworks/MetalKit.framework/Versions/A/MetalKit
0x00007fff2b7cb000 	/System/Library/PrivateFrameworks/CoreBrightness.framework/Versions/A/CoreBrightness
0x00007fff3844b000 	/System/Library/PrivateFrameworks/HID.framework/Versions/A/HID
0x00007fff3d96d000 	/System/Library/Frameworks/PencilKit.framework/Versions/A/PencilKit
0x00007fff3da84000 	/System/Library/PrivateFrameworks/SidecarUI.framework/Versions/A/SidecarUI
0x00007fff3d5a1000 	/System/Library/PrivateFrameworks/CoreHandwriting.framework/Versions/A/CoreHandwriting
0x00007fff2af33000 	/System/Library/PrivateFrameworks/CVNLP.framework/Versions/A/CVNLP
0x00007fff30683000 	/System/Library/PrivateFrameworks/ContactsPersistence.framework/Versions/A/ContactsPersistence
0x00007fff34ba0000 	/System/Library/PrivateFrameworks/CalendarAgentLink.framework/Versions/A/CalendarAgentLink
0x00007fff307fd000 	/System/Library/Frameworks/Contacts.framework/Versions/A/Contacts
0x00007fff305ff000 	/System/Library/PrivateFrameworks/ContactsFoundation.framework/Versions/A/ContactsFoundation
0x00007fff317a9000 	/System/Library/PrivateFrameworks/vCard.framework/Versions/A/vCard
0x00007fff2fc30000 	/System/Library/PrivateFrameworks/AppleLDAP.framework/Versions/A/AppleLDAP
0x00007fff3313a000 	/System/Library/Frameworks/ClassKit.framework/Versions/A/ClassKit
0x00007fff346a5000 	/System/Library/PrivateFrameworks/CoreSuggestions.framework/Versions/A/CoreSuggestions
0x00007fff2755f000 	/System/Library/PrivateFrameworks/CloudDocs.framework/Versions/A/CloudDocs
0x00007fff32f67000 	/System/Library/PrivateFrameworks/AppSupport.framework/Versions/A/AppSupport
0x00007fff331b3000 	/System/Library/PrivateFrameworks/AppleAccount.framework/Versions/A/AppleAccount
0x00007fff341e2000 	/System/Library/PrivateFrameworks/SpotlightIndex.framework/Versions/A/SpotlightIndex
0x00007fff23de2000 	/System/Library/PrivateFrameworks/SpotlightLinguistics.framework/Versions/A/SpotlightLinguistics
0x00007fff332f8000 	/System/Library/PrivateFrameworks/AppleIDSSOAuthentication.framework/Versions/A/AppleIDSSOAuthentication
0x00007fff33e2b000 	/System/Library/PrivateFrameworks/ProactiveSupport.framework/Versions/A/ProactiveSupport
0x00007fff32e9b000 	/System/Library/PrivateFrameworks/DataDetectorsNaturalLanguage.framework/Versions/A/DataDetectorsNaturalLanguage
0x00007fff2a48b000 	/System/Library/Frameworks/CoreSpotlight.framework/Versions/A/CoreSpotlight
0x00007fff38ddf000 	/System/Library/PrivateFrameworks/ProactiveEventTracker.framework/Versions/A/ProactiveEventTracker
0x00007fff33137000 	/System/Library/PrivateFrameworks/InternationalTextSearch.framework/Versions/A/InternationalTextSearch
0x00007fff34bc6000 	/System/Library/PrivateFrameworks/RTCReporting.framework/Versions/A/RTCReporting
0x00007fff34743000 	/System/Library/Frameworks/EventKit.framework/Versions/A/EventKit
0x00007fff38d9b000 	/System/Library/PrivateFrameworks/ResponseKit.framework/Versions/A/ResponseKit
0x00007fff34655000 	/System/Library/PrivateFrameworks/CalDAV.framework/Versions/A/CalDAV
0x00007fff33ece000 	/System/Library/PrivateFrameworks/CalendarFoundation.framework/Versions/A/CalendarFoundation
0x00007fff348ce000 	/System/Library/PrivateFrameworks/CalendarPersistence.framework/Versions/A/CalendarPersistence
0x00007fff389dc000 	/System/Library/PrivateFrameworks/ExchangeWebServices.framework/Versions/A/ExchangeWebServices
0x00007fff33e9c000 	/System/Library/PrivateFrameworks/iCalendar.framework/Versions/A/iCalendar
0x00007fff38955000 	/System/Library/PrivateFrameworks/CoreDAV.framework/Versions/A/CoreDAV
0x00007fff30932000 	/System/Library/PrivateFrameworks/PersonaKit.framework/Versions/A/PersonaKit
0x00007fff38d55000 	/System/Library/PrivateFrameworks/ContactsAutocomplete.framework/Versions/A/ContactsAutocomplete
0x00007fff33e91000 	/System/Library/PrivateFrameworks/CoreRecents.framework/Versions/A/CoreRecents
0x00007fff31556000 	/System/Library/PrivateFrameworks/AppSandbox.framework/Versions/A/AppSandbox
0x00007fff38d8e000 	/System/Library/PrivateFrameworks/KerberosHelper.framework/Versions/A/KerberosHelper
0x00007fff2e416000 	/System/Library/PrivateFrameworks/AppContainer.framework/Versions/A/AppContainer
0x00007fff2e42b000 	/System/Library/PrivateFrameworks/SecCodeWrapper.framework/Versions/A/SecCodeWrapper
0x00007fff37deb000 	/System/Library/PrivateFrameworks/AccountsDaemon.framework/Versions/A/AccountsDaemon
0x00007fff37e99000 	/System/Library/PrivateFrameworks/OAuth.framework/Versions/A/OAuth
0x00007fff2cb6d000 	/System/Library/PrivateFrameworks/IMFoundation.framework/Versions/A/IMFoundation
0x00007fff38b6f000 	/System/Library/PrivateFrameworks/Marco.framework/Versions/A/Marco
0x00007fff2e04d000 	/System/Library/PrivateFrameworks/IDSFoundation.framework/Versions/A/IDSFoundation
0x00007fff363b6000 	/System/Library/PrivateFrameworks/Engram.framework/Versions/A/Engram
0x00007fff36364000 	/usr/lib/libtidy.A.dylib
0x00007fff25a7b000 	/System/Library/PrivateFrameworks/NLP.framework/Versions/A/NLP


VM Arguments:
jvm_args: -javaagent:/Users/macbook/Library/Application Support/JetBrains/Toolbox/apps/IDEA-U/ch-0/212.5457.46/IntelliJ IDEA.app/Contents/lib/idea_rt.jar=55036:/Users/macbook/Library/Application Support/JetBrains/Toolbox/apps/IDEA-U/ch-0/212.5457.46/IntelliJ IDEA.app/Contents/bin -Dfile.encoding=UTF-8 
java_command: com.company.Main
java_class_path (initial): /Users/macbook/Downloads/Telegram Desktop/Kasiulek zaliczenie PO /out/production/Projekt_na_zaliczenie:/Users/macbook/Downloads/Telegram Desktop/Kasiulek zaliczenie PO /lib/mysql-connector-java-8.0.27.jar
Launcher Type: SUN_STANDARD

[Global flags]
     intx CICompilerCount                          = 3                                         {product} {ergonomic}
     uint ConcGCThreads                            = 1                                         {product} {ergonomic}
     uint G1ConcRefinementThreads                  = 4                                         {product} {ergonomic}
   size_t G1HeapRegionSize                         = 1048576                                   {product} {ergonomic}
    uintx GCDrainStackTargetSize                   = 64                                        {product} {ergonomic}
   size_t InitialHeapSize                          = 134217728                                 {product} {ergonomic}
   size_t MarkStackSize                            = 4194304                                   {product} {ergonomic}
   size_t MaxHeapSize                              = 2147483648                                {product} {ergonomic}
   size_t MaxNewSize                               = 1287651328                                {product} {ergonomic}
   size_t MinHeapDeltaBytes                        = 1048576                                   {product} {ergonomic}
    uintx NonNMethodCodeHeapSize                   = 5830732                                {pd product} {ergonomic}
    uintx NonProfiledCodeHeapSize                  = 122913754                              {pd product} {ergonomic}
    uintx ProfiledCodeHeapSize                     = 122913754                              {pd product} {ergonomic}
    uintx ReservedCodeCacheSize                    = 251658240                              {pd product} {ergonomic}
     bool SegmentedCodeCache                       = true                                      {product} {ergonomic}
     bool UseCompressedClassPointers               = true                                 {lp64_product} {ergonomic}
     bool UseCompressedOops                        = true                                 {lp64_product} {ergonomic}
     bool UseG1GC                                  = true                                      {product} {ergonomic}

Logging:
Log output configuration:
 #0: stdout all=warning uptime,level,tags
 #1: stderr all=off uptime,level,tags

Environment Variables:
PATH=/usr/local/bin:/usr/bin:/bin:/usr/sbin:/sbin
SHELL=/bin/zsh

Signal Handlers:
SIGSEGV: [libjvm.dylib+0x79688e], sa_mask[0]=11111111011111110111111111111111, sa_flags=SA_ONSTACK|SA_RESTART|SA_SIGINFO
SIGBUS: [libjvm.dylib+0x79688e], sa_mask[0]=11111111011111110111111111111111, sa_flags=SA_RESTART|SA_SIGINFO
SIGFPE: [libjvm.dylib+0x79688e], sa_mask[0]=11111111011111110111111111111111, sa_flags=SA_RESTART|SA_SIGINFO
SIGPIPE: [libjvm.dylib+0x6488fa], sa_mask[0]=11111111011111110111111111111111, sa_flags=SA_RESTART|SA_SIGINFO
SIGXFSZ: [libjvm.dylib+0x6488fa], sa_mask[0]=11111111011111110111111111111111, sa_flags=SA_RESTART|SA_SIGINFO
SIGILL: [libjvm.dylib+0x79688e], sa_mask[0]=11111111011111110111111111111111, sa_flags=SA_RESTART|SA_SIGINFO
SIGUSR2: [libjvm.dylib+0x648ece], sa_mask[0]=00100000000000000000000000000000, sa_flags=SA_RESTART|SA_SIGINFO
SIGHUP: [libjvm.dylib+0x64798f], sa_mask[0]=11111111011111110111111111111111, sa_flags=SA_RESTART|SA_SIGINFO
SIGINT: [libjvm.dylib+0x64798f], sa_mask[0]=11111111011111110111111111111111, sa_flags=SA_RESTART|SA_SIGINFO
SIGTERM: [libjvm.dylib+0x64798f], sa_mask[0]=11111111011111110111111111111111, sa_flags=SA_RESTART|SA_SIGINFO
SIGQUIT: [libjvm.dylib+0x64798f], sa_mask[0]=11111111011111110111111111111111, sa_flags=SA_RESTART|SA_SIGINFO


---------------  S Y S T E M  ---------------

OS:uname:Darwin 20.6.0 Darwin Kernel Version 20.6.0: Tue Oct 12 18:33:42 PDT 2021; root:xnu-7195.141.8~1/RELEASE_X86_64 x86_64
rlimit: STACK 8192k, CORE 0k, NPROC 1392, NOFILE 10240, AS infinity, DATA infinity, FSIZE infinity
load average:15.52 7.79 6.12

CPU:total 4 (initial active 4) (2 cores per cpu, 2 threads per core) family 6 model 69 stepping 1 microcode 0x26, cmov, cx8, fxsr, mmx, sse, sse2, sse3, ssse3, sse4.1, sse4.2, popcnt, avx, avx2, aes, clmul, erms, lzcnt, ht, tsc, tscinvbit, bmi1, bmi2, fma

Memory: 4k page, physical 8388608k(32776k free)

vm_info: Java HotSpot(TM) 64-Bit Server VM (11.0.12+8-LTS-237) for bsd-amd64 JRE (11.0.12+8-LTS-237), built on Jun  8 2021 10:26:22 by "mach5one" with gcc 4.2.1 Compatible Apple LLVM 11.0.0 (clang-1100.0.33.17)

END.
